[I 250326 10:06:14 smartConnect:125] in pool
[W 250326 10:06:14 smartWebSocketV2:319] Attempting to resubscribe/reconnect (Attempt 1)...
[I 250326 10:06:38 smartWebSocketOrderUpdate:38] Connection opened
[E 250326 10:06:39 smartWebSocketOrderUpdate:41] Error: [Errno 57] Operation on closed file
[I 250326 10:06:39 smartWebSocketOrderUpdate:44] Connection closed
[I 250326 10:06:39 smartWebSocketOrderUpdate:85] Retrying connection (Attempt 1)...
[I 250326 10:06:40 smartWebSocketOrderUpdate:38] Connection opened
[E 250326 10:06:42 smartWebSocketOrderUpdate:41] Error: [Errno 57] Operation on closed file
[I 250326 10:06:42 smartWebSocketOrderUpdate:44] Connection closed
[I 250326 10:06:42 smartWebSocketOrderUpdate:85] Retrying connection (Attempt 1)...
[I 250326 10:06:50 smartWebSocketOrderUpdate:38] Connection opened
[I 250326 10:06:52 smartWebSocketOrderUpdate:38] Connection opened
[I 250326 11:22:05 smartConnect:125] in pool
[W 250326 11:22:06 smartWebSocketV2:319] Attempting to resubscribe/reconnect (Attempt 1)...
[I 250326 11:30:29 smartWebSocketOrderUpdate:38] Connection opened
[I 250326 11:30:33 smartConnect:125] in pool
[W 250326 11:30:33 smartWebSocketV2:319] Attempting to resubscribe/reconnect (Attempt 1)...
[I 250326 11:30:39 smartWebSocketOrderUpdate:44] Connection closed
[I 250326 11:30:39 smartWebSocketOrderUpdate:85] Retrying connection (Attempt 1)...
[I 250326 11:30:49 smartWebSocketOrderUpdate:38] Connection opened
[I 250326 11:49:57 smartWebSocketOrderUpdate:38] Connection opened
[I 250326 11:50:01 smartConnect:125] in pool
[W 250326 11:50:18 smartWebSocketV2:319] Attempting to resubscribe/reconnect (Attempt 1)...
[I 250326 11:50:27 smartWebSocketOrderUpdate:44] Connection closed
[I 250326 11:50:27 smartWebSocketOrderUpdate:85] Retrying connection (Attempt 1)...
[I 250326 11:50:37 smartWebSocketOrderUpdate:38] Connection opened
[I 250326 12:21:34 smartWebSocketOrderUpdate:38] Connection opened
[E 250326 12:21:36 smartWebSocketOrderUpdate:41] Error: [Errno 57] Operation on closed file
[I 250326 12:21:36 smartWebSocketOrderUpdate:44] Connection closed
[I 250326 12:21:36 smartWebSocketOrderUpdate:85] Retrying connection (Attempt 1)...
[I 250326 12:21:36 smartWebSocketOrderUpdate:38] Connection opened
[E 250326 12:21:37 smartWebSocketOrderUpdate:41] Error: [Errno 57] Operation on closed file
[I 250326 12:21:37 smartWebSocketOrderUpdate:44] Connection closed
[I 250326 12:21:37 smartWebSocketOrderUpdate:85] Retrying connection (Attempt 1)...
[I 250326 12:21:38 smartWebSocketOrderUpdate:38] Connection opened
[I 250326 12:21:39 smartConnect:125] in pool
[W 250326 12:21:39 smartWebSocketV2:319] Attempting to resubscribe/reconnect (Attempt 1)...
[E 250326 12:21:39 smartWebSocketOrderUpdate:41] Error: [Errno 57] Operation on closed file
[I 250326 12:21:39 smartWebSocketOrderUpdate:44] Connection closed
[I 250326 12:21:39 smartWebSocketOrderUpdate:85] Retrying connection (Attempt 1)...
[I 250326 12:21:39 smartWebSocketOrderUpdate:38] Connection opened
[E 250326 12:21:41 smartWebSocketOrderUpdate:41] Error: [Errno 57] Operation on closed file
[I 250326 12:21:41 smartWebSocketOrderUpdate:44] Connection closed
[I 250326 12:21:41 smartWebSocketOrderUpdate:85] Retrying connection (Attempt 1)...
[I 250326 12:21:41 smartWebSocketOrderUpdate:38] Connection opened
[I 250326 12:29:40 smartWebSocketOrderUpdate:38] Connection opened
[E 250326 12:29:41 smartWebSocketOrderUpdate:41] Error: [Errno 57] Operation on closed file
[I 250326 12:29:41 smartWebSocketOrderUpdate:44] Connection closed
[I 250326 12:29:41 smartWebSocketOrderUpdate:85] Retrying connection (Attempt 1)...
[I 250326 12:29:42 smartWebSocketOrderUpdate:38] Connection opened
[E 250326 12:29:43 smartWebSocketOrderUpdate:41] Error: [Errno 57] Operation on closed file
[I 250326 12:29:43 smartWebSocketOrderUpdate:44] Connection closed
[I 250326 12:29:43 smartWebSocketOrderUpdate:85] Retrying connection (Attempt 1)...
[I 250326 12:32:10 smartConnect:125] in pool
[I 250326 12:33:16 smartConnect:125] in pool
[W 250326 12:33:26 smartWebSocketV2:319] Attempting to resubscribe/reconnect (Attempt 1)...
[I 250326 12:35:23 smartWebSocketOrderUpdate:38] Connection opened
[I 250326 12:35:27 smartConnect:125] in pool
[W 250326 12:38:47 smartWebSocketV2:319] Attempting to resubscribe/reconnect (Attempt 1)...
[W 250326 12:39:01 smartWebSocketV2:319] Attempting to resubscribe/reconnect (Attempt 2)...
[I 250326 12:42:04 smartWebSocketOrderUpdate:38] Connection opened
[W 250326 12:43:33 smartWebSocketV2:319] Attempting to resubscribe/reconnect (Attempt 1)...
[E 250326 12:44:25 smartWebSocketV2:212] Error occurred during subscribe: Connection is already closed.
[W 250326 12:44:25 smartWebSocketV2:319] Attempting to resubscribe/reconnect (Attempt 1)...
[I 250326 12:44:27 smartWebSocketOrderUpdate:38] Connection opened
[I 250326 12:44:27 smartConnect:125] in pool
[W 250326 12:47:45 smartWebSocketV2:319] Attempting to resubscribe/reconnect (Attempt 1)...
[I 250326 12:49:29 smartWebSocketOrderUpdate:38] Connection opened
[I 250326 12:49:33 smartConnect:125] in pool
[I 250326 12:49:38 smartConnect:125] in pool
[I 250326 12:57:39 smartWebSocketOrderUpdate:38] Connection opened
[E 250326 12:57:41 smartWebSocketOrderUpdate:41] Error: [Errno 57] Operation on closed file
[I 250326 12:57:41 smartWebSocketOrderUpdate:44] Connection closed
[I 250326 12:57:41 smartWebSocketOrderUpdate:85] Retrying connection (Attempt 1)...
[I 250326 12:57:41 smartWebSocketOrderUpdate:38] Connection opened
[E 250326 12:57:43 smartWebSocketOrderUpdate:41] Error: [Errno 57] Operation on closed file
[I 250326 12:57:43 smartWebSocketOrderUpdate:44] Connection closed
[I 250326 12:57:43 smartWebSocketOrderUpdate:85] Retrying connection (Attempt 1)...
[I 250326 12:57:43 smartWebSocketOrderUpdate:38] Connection opened
[I 250326 12:57:43 smartConnect:125] in pool
[W 250326 12:57:44 smartWebSocketV2:319] Attempting to resubscribe/reconnect (Attempt 1)...
[E 250326 12:57:45 smartWebSocketOrderUpdate:41] Error: [Errno 57] Operation on closed file
[I 250326 12:57:45 smartWebSocketOrderUpdate:44] Connection closed
[I 250326 12:57:45 smartWebSocketOrderUpdate:85] Retrying connection (Attempt 1)...
[I 250326 12:57:45 smartWebSocketOrderUpdate:38] Connection opened
[I 250326 12:59:19 smartWebSocketOrderUpdate:38] Connection opened
[E 250326 12:59:21 smartWebSocketOrderUpdate:41] Error: [Errno 57] Operation on closed file
[I 250326 12:59:21 smartWebSocketOrderUpdate:44] Connection closed
[I 250326 12:59:21 smartWebSocketOrderUpdate:85] Retrying connection (Attempt 1)...
[I 250326 12:59:21 smartWebSocketOrderUpdate:38] Connection opened
[I 250326 12:59:24 smartConnect:125] in pool
[I 250326 12:59:31 smartWebSocketOrderUpdate:38] Connection opened
[W 250326 12:59:43 smartWebSocketV2:319] Attempting to resubscribe/reconnect (Attempt 1)...
[I 250326 12:59:51 smartWebSocketOrderUpdate:44] Connection closed
[I 250326 12:59:51 smartWebSocketOrderUpdate:85] Retrying connection (Attempt 1)...
[I 250326 13:13:27 smartWebSocketOrderUpdate:38] Connection opened
[E 250326 13:13:29 smartWebSocketOrderUpdate:41] Error: [Errno 57] Operation on closed file
[I 250326 13:13:29 smartWebSocketOrderUpdate:44] Connection closed
[I 250326 13:13:29 smartWebSocketOrderUpdate:85] Retrying connection (Attempt 1)...
[I 250326 13:13:29 smartWebSocketOrderUpdate:38] Connection opened
[E 250326 13:13:30 smartWebSocketOrderUpdate:41] Error: [Errno 57] Operation on closed file
[I 250326 13:13:30 smartWebSocketOrderUpdate:44] Connection closed
[I 250326 13:13:30 smartWebSocketOrderUpdate:85] Retrying connection (Attempt 1)...
[I 250326 13:13:31 smartWebSocketOrderUpdate:38] Connection opened
[I 250326 13:13:32 smartConnect:125] in pool
[W 250326 13:13:32 smartWebSocketV2:319] Attempting to resubscribe/reconnect (Attempt 1)...
[E 250326 13:13:32 smartWebSocketOrderUpdate:41] Error: [Errno 57] Operation on closed file
[I 250326 13:13:32 smartWebSocketOrderUpdate:44] Connection closed
[I 250326 13:13:32 smartWebSocketOrderUpdate:85] Retrying connection (Attempt 1)...
[I 250326 13:13:32 smartWebSocketOrderUpdate:38] Connection opened
[E 250326 13:13:34 smartWebSocketOrderUpdate:41] Error: [Errno 57] Operation on closed file
[I 250326 13:13:34 smartWebSocketOrderUpdate:44] Connection closed
[I 250326 13:13:34 smartWebSocketOrderUpdate:85] Retrying connection (Attempt 1)...
[I 250326 13:13:34 smartWebSocketOrderUpdate:38] Connection opened
[E 250326 13:13:36 smartWebSocketOrderUpdate:41] Error: [Errno 57] Operation on closed file
[I 250326 13:13:36 smartWebSocketOrderUpdate:44] Connection closed
[I 250326 13:13:36 smartWebSocketOrderUpdate:85] Retrying connection (Attempt 1)...
[I 250326 13:13:36 smartWebSocketOrderUpdate:38] Connection opened
[E 250326 13:13:37 smartWebSocketOrderUpdate:41] Error: [Errno 57] Operation on closed file
[I 250326 13:13:37 smartWebSocketOrderUpdate:44] Connection closed
[I 250326 13:13:37 smartWebSocketOrderUpdate:85] Retrying connection (Attempt 1)...
[I 250326 13:13:37 smartWebSocketOrderUpdate:38] Connection opened
[E 250326 13:13:39 smartWebSocketOrderUpdate:41] Error: [Errno 57] Operation on closed file
[I 250326 13:13:39 smartWebSocketOrderUpdate:44] Connection closed
[I 250326 13:13:39 smartWebSocketOrderUpdate:85] Retrying connection (Attempt 1)...
[I 250326 13:13:39 smartWebSocketOrderUpdate:38] Connection opened
[I 250326 13:13:39 smartWebSocketOrderUpdate:38] Connection opened
[E 250326 13:13:40 smartWebSocketOrderUpdate:41] Error: [Errno 57] Operation on closed file
[I 250326 13:13:40 smartWebSocketOrderUpdate:44] Connection closed
[I 250326 13:13:40 smartWebSocketOrderUpdate:85] Retrying connection (Attempt 1)...
[I 250326 13:13:41 smartWebSocketOrderUpdate:38] Connection opened
[I 250326 13:13:41 smartWebSocketOrderUpdate:38] Connection opened
[E 250326 13:13:42 smartWebSocketOrderUpdate:41] Error: [Errno 57] Operation on closed file
[I 250326 13:13:42 smartWebSocketOrderUpdate:44] Connection closed
[I 250326 13:13:42 smartWebSocketOrderUpdate:85] Retrying connection (Attempt 1)...
[I 250326 13:13:42 smartWebSocketOrderUpdate:38] Connection opened
[I 250326 13:13:42 smartWebSocketOrderUpdate:38] Connection opened
[E 250326 13:13:44 smartWebSocketOrderUpdate:41] Error: [Errno 57] Operation on closed file
[I 250326 13:13:44 smartWebSocketOrderUpdate:44] Connection closed
[I 250326 13:13:44 smartWebSocketOrderUpdate:85] Retrying connection (Attempt 1)...
[I 250326 13:13:44 smartWebSocketOrderUpdate:38] Connection opened
[I 250326 13:13:44 smartWebSocketOrderUpdate:38] Connection opened
[E 250326 13:13:45 smartWebSocketOrderUpdate:41] Error: [Errno 57] Operation on closed file
[I 250326 13:13:45 smartWebSocketOrderUpdate:44] Connection closed
[I 250326 13:13:45 smartWebSocketOrderUpdate:85] Retrying connection (Attempt 1)...
[I 250326 13:13:46 smartWebSocketOrderUpdate:38] Connection opened
[I 250326 13:15:59 smartWebSocketOrderUpdate:38] Connection opened
[I 250326 13:16:03 smartConnect:125] in pool
[E 250326 13:16:21 smartWebSocketOrderUpdate:41] Error: [Errno 57] Operation on closed file
[I 250326 13:16:21 smartWebSocketOrderUpdate:44] Connection closed
[I 250326 13:16:21 smartWebSocketOrderUpdate:85] Retrying connection (Attempt 1)...
[W 250326 13:16:21 smartWebSocketV2:319] Attempting to resubscribe/reconnect (Attempt 1)...
[I 250326 13:16:31 smartWebSocketOrderUpdate:38] Connection opened
[I 250326 13:19:49 smartWebSocketOrderUpdate:38] Connection opened
[I 250326 13:19:53 smartConnect:125] in pool
[E 250326 13:29:41 smartWebSocketV2:212] Error occurred during subscribe: Connection is already closed.
[W 250326 13:29:41 smartWebSocketV2:319] Attempting to resubscribe/reconnect (Attempt 1)...
[W 250326 13:29:41 smartWebSocketV2:319] Attempting to resubscribe/reconnect (Attempt 1)...
[I 250326 13:29:51 smartWebSocketOrderUpdate:38] Connection opened
[I 250326 13:33:22 smartConnect:125] in pool
[W 250326 13:33:22 smartWebSocketV2:319] Attempting to resubscribe/reconnect (Attempt 1)...
[I 250326 13:33:44 smartConnect:125] in pool
[W 250326 13:33:54 smartWebSocketV2:319] Attempting to resubscribe/reconnect (Attempt 1)...
[I 250326 13:34:02 smartWebSocketOrderUpdate:38] Connection opened
[E 250326 13:34:03 smartWebSocketOrderUpdate:41] Error: [Errno 57] Operation on closed file
[I 250326 13:34:03 smartWebSocketOrderUpdate:44] Connection closed
[I 250326 13:34:03 smartWebSocketOrderUpdate:85] Retrying connection (Attempt 1)...
[I 250326 13:34:03 smartWebSocketOrderUpdate:38] Connection opened
[E 250326 13:34:05 smartWebSocketOrderUpdate:41] Error: [Errno 57] Operation on closed file
[I 250326 13:34:05 smartWebSocketOrderUpdate:44] Connection closed
[I 250326 13:34:05 smartWebSocketOrderUpdate:85] Retrying connection (Attempt 1)...
[I 250326 13:34:05 smartWebSocketOrderUpdate:38] Connection opened
[I 250326 13:34:06 smartConnect:125] in pool
[I 250326 13:43:28 smartWebSocketOrderUpdate:38] Connection opened
[E 250326 13:43:30 smartWebSocketOrderUpdate:41] Error: [Errno 57] Operation on closed file
[I 250326 13:43:30 smartWebSocketOrderUpdate:44] Connection closed
[I 250326 13:43:30 smartWebSocketOrderUpdate:85] Retrying connection (Attempt 1)...
[I 250326 13:43:30 smartWebSocketOrderUpdate:38] Connection opened
[I 250326 13:44:02 smartWebSocketOrderUpdate:38] Connection opened
[E 250326 13:44:04 smartWebSocketOrderUpdate:41] Error: [Errno 57] Operation on closed file
[I 250326 13:44:04 smartWebSocketOrderUpdate:44] Connection closed
[I 250326 13:44:04 smartWebSocketOrderUpdate:85] Retrying connection (Attempt 1)...
[I 250326 13:44:04 smartWebSocketOrderUpdate:38] Connection opened
[E 250326 13:44:06 smartWebSocketOrderUpdate:41] Error: [Errno 57] Operation on closed file
[I 250326 13:44:06 smartWebSocketOrderUpdate:44] Connection closed
[I 250326 13:44:06 smartWebSocketOrderUpdate:85] Retrying connection (Attempt 1)...
[I 250326 13:44:06 smartWebSocketOrderUpdate:38] Connection opened
[I 250326 13:44:06 smartConnect:125] in pool
[W 250326 13:44:07 smartWebSocketV2:319] Attempting to resubscribe/reconnect (Attempt 1)...
[E 250326 13:44:07 smartWebSocketOrderUpdate:41] Error: [Errno 57] Operation on closed file
[I 250326 13:44:07 smartWebSocketOrderUpdate:44] Connection closed
[I 250326 13:44:07 smartWebSocketOrderUpdate:85] Retrying connection (Attempt 1)...
[I 250326 13:44:07 smartWebSocketOrderUpdate:38] Connection opened
[E 250326 13:44:09 smartWebSocketOrderUpdate:41] Error: [Errno 57] Operation on closed file
[I 250326 13:44:09 smartWebSocketOrderUpdate:44] Connection closed
[I 250326 13:44:09 smartWebSocketOrderUpdate:85] Retrying connection (Attempt 1)...
[I 250326 13:44:09 smartWebSocketOrderUpdate:38] Connection opened
[E 250326 13:44:10 smartWebSocketOrderUpdate:41] Error: [Errno 57] Operation on closed file
[I 250326 13:44:10 smartWebSocketOrderUpdate:44] Connection closed
[I 250326 13:44:10 smartWebSocketOrderUpdate:85] Retrying connection (Attempt 1)...
[I 250326 13:44:11 smartWebSocketOrderUpdate:38] Connection opened
[I 250326 13:44:14 smartWebSocketOrderUpdate:38] Connection opened
[I 250326 13:44:16 smartWebSocketOrderUpdate:38] Connection opened
[I 250326 13:44:17 smartWebSocketOrderUpdate:38] Connection opened
[I 250326 13:44:19 smartWebSocketOrderUpdate:38] Connection opened
[I 250326 13:44:21 smartWebSocketOrderUpdate:38] Connection opened
[E 250326 13:44:33 smartWebSocketOrderUpdate:41] Error: [Errno 57] Operation on closed file
[I 250326 13:44:33 smartWebSocketOrderUpdate:44] Connection closed
[I 250326 13:44:33 smartWebSocketOrderUpdate:85] Retrying connection (Attempt 1)...
[I 250326 13:46:09 smartConnect:125] in pool
[I 250326 13:46:20 smartWebSocketOrderUpdate:38] Connection opened
[E 250326 13:46:21 smartWebSocketOrderUpdate:41] Error: [Errno 57] Operation on closed file
[I 250326 13:46:21 smartWebSocketOrderUpdate:44] Connection closed
[I 250326 13:46:21 smartWebSocketOrderUpdate:85] Retrying connection (Attempt 1)...
[I 250326 13:46:22 smartWebSocketOrderUpdate:38] Connection opened
[E 250326 13:46:23 smartWebSocketOrderUpdate:41] Error: [Errno 57] Operation on closed file
[I 250326 13:46:23 smartWebSocketOrderUpdate:44] Connection closed
[I 250326 13:46:23 smartWebSocketOrderUpdate:85] Retrying connection (Attempt 1)...
[I 250326 13:46:23 smartWebSocketOrderUpdate:38] Connection opened
[I 250326 13:46:24 smartConnect:125] in pool
[E 250326 13:46:24 smartWebSocketOrderUpdate:41] Error: [Errno 57] Operation on closed file
[I 250326 13:46:25 smartWebSocketOrderUpdate:38] Connection opened
[W 250326 13:46:26 smartWebSocketV2:319] Attempting to resubscribe/reconnect (Attempt 1)...
[E 250326 13:46:26 smartWebSocketOrderUpdate:41] Error: [Errno 57] Operation on closed file
[I 250326 13:46:26 smartWebSocketOrderUpdate:44] Connection closed
[I 250326 13:46:26 smartWebSocketOrderUpdate:85] Retrying connection (Attempt 1)...
[I 250326 13:46:26 smartWebSocketOrderUpdate:38] Connection opened
[E 250326 13:46:28 smartWebSocketOrderUpdate:41] Error: [Errno 57] Operation on closed file
[I 250326 13:46:28 smartWebSocketOrderUpdate:44] Connection closed
[I 250326 13:46:28 smartWebSocketOrderUpdate:85] Retrying connection (Attempt 1)...
[I 250326 13:46:28 smartWebSocketOrderUpdate:38] Connection opened
[E 250326 13:46:29 smartWebSocketOrderUpdate:41] Error: [Errno 57] Operation on closed file
[I 250326 13:46:29 smartWebSocketOrderUpdate:44] Connection closed
[I 250326 13:46:29 smartWebSocketOrderUpdate:85] Retrying connection (Attempt 1)...
[I 250326 13:46:30 smartWebSocketOrderUpdate:38] Connection opened
[I 250326 13:46:32 smartWebSocketOrderUpdate:38] Connection opened
[I 250326 13:46:33 smartWebSocketOrderUpdate:38] Connection opened
[I 250326 13:46:35 smartWebSocketOrderUpdate:38] Connection opened
[I 250326 13:46:36 smartWebSocketOrderUpdate:38] Connection opened
[I 250326 13:46:38 smartWebSocketOrderUpdate:38] Connection opened
[I 250326 13:46:39 smartWebSocketOrderUpdate:38] Connection opened
[I 250326 13:48:24 smartWebSocketOrderUpdate:38] Connection opened
[I 250326 13:48:28 smartConnect:125] in pool
[W 250326 13:48:28 smartWebSocketV2:319] Attempting to resubscribe/reconnect (Attempt 1)...
[E 250326 13:48:29 smartWebSocketOrderUpdate:41] Error: [Errno 57] Operation on closed file
[I 250326 13:48:29 smartWebSocketOrderUpdate:44] Connection closed
[I 250326 13:48:29 smartWebSocketOrderUpdate:85] Retrying connection (Attempt 1)...
[I 250326 13:48:29 smartWebSocketOrderUpdate:38] Connection opened
[E 250326 13:48:30 smartWebSocketOrderUpdate:41] Error: [Errno 57] Operation on closed file
[I 250326 13:48:30 smartWebSocketOrderUpdate:44] Connection closed
[I 250326 13:48:30 smartWebSocketOrderUpdate:85] Retrying connection (Attempt 1)...
[I 250326 13:48:30 smartWebSocketOrderUpdate:38] Connection opened
[E 250326 13:48:32 smartWebSocketOrderUpdate:41] Error: [Errno 57] Operation on closed file
[I 250326 13:48:32 smartWebSocketOrderUpdate:44] Connection closed
[I 250326 13:48:32 smartWebSocketOrderUpdate:85] Retrying connection (Attempt 1)...
[I 250326 13:48:32 smartWebSocketOrderUpdate:38] Connection opened
[E 250326 13:48:33 smartWebSocketOrderUpdate:41] Error: [Errno 57] Operation on closed file
[I 250326 13:48:33 smartWebSocketOrderUpdate:44] Connection closed
[I 250326 13:48:33 smartWebSocketOrderUpdate:85] Retrying connection (Attempt 1)...
[I 250326 13:48:34 smartWebSocketOrderUpdate:38] Connection opened
[E 250326 13:48:35 smartWebSocketOrderUpdate:41] Error: [Errno 57] Operation on closed file
[I 250326 13:48:35 smartWebSocketOrderUpdate:44] Connection closed
[I 250326 13:48:35 smartWebSocketOrderUpdate:85] Retrying connection (Attempt 1)...
[I 250326 13:48:35 smartWebSocketOrderUpdate:38] Connection opened
[E 250326 13:48:37 smartWebSocketOrderUpdate:41] Error: [Errno 57] Operation on closed file
[I 250326 13:48:37 smartWebSocketOrderUpdate:44] Connection closed
[I 250326 13:48:37 smartWebSocketOrderUpdate:85] Retrying connection (Attempt 1)...
[I 250326 13:48:37 smartWebSocketOrderUpdate:38] Connection opened
[E 250326 13:48:39 smartWebSocketOrderUpdate:41] Error: [Errno 57] Operation on closed file
[I 250326 13:48:39 smartWebSocketOrderUpdate:44] Connection closed
[I 250326 13:48:39 smartWebSocketOrderUpdate:85] Retrying connection (Attempt 1)...
[I 250326 13:48:39 smartWebSocketOrderUpdate:38] Connection opened
[I 250326 13:48:39 smartWebSocketOrderUpdate:38] Connection opened
[I 250326 13:48:40 smartWebSocketOrderUpdate:38] Connection opened
[I 250326 13:48:42 smartWebSocketOrderUpdate:38] Connection opened
[I 250326 13:48:44 smartWebSocketOrderUpdate:38] Connection opened
[I 250326 13:48:45 smartWebSocketOrderUpdate:38] Connection opened
[I 250326 13:48:47 smartWebSocketOrderUpdate:38] Connection opened
[I 250326 13:48:49 smartWebSocketOrderUpdate:38] Connection opened
[I 250326 13:50:46 smartConnect:125] in pool
[W 250326 13:50:56 smartWebSocketV2:319] Attempting to resubscribe/reconnect (Attempt 1)...
[I 250326 14:04:41 smartWebSocketOrderUpdate:38] Connection opened
[E 250326 14:04:42 smartWebSocketOrderUpdate:41] Error: [Errno 57] Operation on closed file
[I 250326 14:04:42 smartWebSocketOrderUpdate:44] Connection closed
[I 250326 14:04:42 smartWebSocketOrderUpdate:85] Retrying connection (Attempt 1)...
[I 250326 14:04:42 smartWebSocketOrderUpdate:38] Connection opened
[W 250326 14:04:44 smartWebSocketV2:319] Attempting to resubscribe/reconnect (Attempt 1)...
[I 250326 14:04:45 smartConnect:125] in pool
[E 250326 14:04:46 smartWebSocketOrderUpdate:41] Error: [Errno 57] Operation on closed file
[I 250326 14:04:46 smartWebSocketOrderUpdate:44] Connection closed
[I 250326 14:04:46 smartWebSocketOrderUpdate:85] Retrying connection (Attempt 1)...
[I 250326 14:04:46 smartWebSocketOrderUpdate:38] Connection opened
[E 250326 14:04:47 smartWebSocketOrderUpdate:41] Error: [Errno 57] Operation on closed file
[I 250326 14:04:47 smartWebSocketOrderUpdate:44] Connection closed
[I 250326 14:04:47 smartWebSocketOrderUpdate:85] Retrying connection (Attempt 1)...
[I 250326 14:04:47 smartWebSocketOrderUpdate:38] Connection opened
[I 250326 14:32:35 smartWebSocketOrderUpdate:38] Connection opened
[I 250326 14:32:39 smartConnect:125] in pool
[W 250326 14:32:52 smartWebSocketV2:319] Attempting to resubscribe/reconnect (Attempt 1)...
[I 250326 14:32:55 smartWebSocketOrderUpdate:44] Connection closed
[I 250326 14:32:55 smartWebSocketOrderUpdate:85] Retrying connection (Attempt 1)...
[I 250326 14:33:05 smartWebSocketOrderUpdate:38] Connection opened
[I 250326 14:33:14 smartWebSocketOrderUpdate:38] Connection opened
[E 250326 14:33:32 smartWebSocketOrderUpdate:41] Error: [Errno 57] Operation on closed file
[I 250326 14:33:32 smartWebSocketOrderUpdate:44] Connection closed
[I 250326 14:33:32 smartWebSocketOrderUpdate:85] Retrying connection (Attempt 1)...
[I 250326 14:33:42 smartWebSocketOrderUpdate:38] Connection opened
[I 250326 15:16:29 smartWebSocketOrderUpdate:38] Connection opened
[E 250326 15:16:30 smartWebSocketOrderUpdate:41] Error: [Errno 57] Operation on closed file
[I 250326 15:16:30 smartWebSocketOrderUpdate:44] Connection closed
[I 250326 15:16:30 smartWebSocketOrderUpdate:85] Retrying connection (Attempt 1)...
[I 250326 15:16:30 smartWebSocketOrderUpdate:38] Connection opened
[I 250326 15:16:33 smartConnect:125] in pool
[I 250326 15:16:40 smartWebSocketOrderUpdate:38] Connection opened
[I 250326 15:16:48 smartConnect:387] OrderBook: {'status': True, 'message': 'SUCCESS', 'errorcode': '', 'data': [{'variety': 'NORMAL', 'ordertype': 'MARKET', 'producttype': 'DELIVERY', 'duration': 'DAY', 'price': 16.99, 'triggerprice': 0.0, 'quantity': '18', 'disclosedquantity': '0', 'squareoff': 0.0, 'stoploss': 0.0, 'trailingstoploss': 0.0, 'tradingsymbol': 'YESBANK-EQ', 'transactiontype': 'SELL', 'exchange': 'NSE', 'symboltoken': '11915', 'ordertag': '', 'instrumenttype': '', 'strikeprice': -1.0, 'optiontype': '', 'expirydate': '', 'lotsize': '1', 'cancelsize': '0', 'averageprice': 17.05, 'filledshares': '18', 'unfilledshares': '0', 'orderid': '250326000268845', 'text': '', 'status': 'complete', 'orderstatus': 'complete', 'updatetime': '26-Mar-2025 10:02:08', 'exchtime': '26-Mar-2025 10:02:08', 'exchorderupdatetime': '26-Mar-2025 10:02:08', 'fillid': '', 'filltime': '', 'parentorderid': '', 'uniqueorderid': 'dc28a932-302d-4a44-8251-b888c7e6865d', 'exchangeorderid': '1300000014816802'}, {'variety': 'NORMAL', 'ordertype': 'MARKET', 'producttype': 'DELIVERY', 'duration': 'DAY', 'price': 17.15, 'triggerprice': 0.0, 'quantity': '6', 'disclosedquantity': '0', 'squareoff': 0.0, 'stoploss': 0.0, 'trailingstoploss': 0.0, 'tradingsymbol': 'YESBANK-EQ', 'transactiontype': 'BUY', 'exchange': 'NSE', 'symboltoken': '11915', 'ordertag': '', 'instrumenttype': '', 'strikeprice': -1.0, 'optiontype': '', 'expirydate': '', 'lotsize': '1', 'cancelsize': '0', 'averageprice': 17.08, 'filledshares': '6', 'unfilledshares': '0', 'orderid': '250326000289061', 'text': '', 'status': 'complete', 'orderstatus': 'complete', 'updatetime': '26-Mar-2025 10:06:38', 'exchtime': '26-Mar-2025 10:06:38', 'exchorderupdatetime': '26-Mar-2025 10:06:38', 'fillid': '', 'filltime': '', 'parentorderid': '', 'uniqueorderid': 'f13698b3-ea40-4f5d-9a8c-e875995102c2', 'exchangeorderid': '1300000015974980'}, {'variety': 'NORMAL', 'ordertype': 'MARKET', 'producttype': 'DELIVERY', 'duration': 'DAY', 'price': 17.16, 'triggerprice': 0.0, 'quantity': '6', 'disclosedquantity': '0', 'squareoff': 0.0, 'stoploss': 0.0, 'trailingstoploss': 0.0, 'tradingsymbol': 'YESBANK-EQ', 'transactiontype': 'BUY', 'exchange': 'NSE', 'symboltoken': '11915', 'ordertag': '', 'instrumenttype': '', 'strikeprice': -1.0, 'optiontype': '', 'expirydate': '', 'lotsize': '1', 'cancelsize': '0', 'averageprice': 17.08, 'filledshares': '6', 'unfilledshares': '0', 'orderid': '250326000289162', 'text': '', 'status': 'complete', 'orderstatus': 'complete', 'updatetime': '26-Mar-2025 10:06:40', 'exchtime': '26-Mar-2025 10:06:40', 'exchorderupdatetime': '26-Mar-2025 10:06:40', 'fillid': '', 'filltime': '', 'parentorderid': '', 'uniqueorderid': '2b5352bb-935e-4fab-827f-243b4a7faae0', 'exchangeorderid': '1300000015980285'}, {'variety': 'NORMAL', 'ordertype': 'MARKET', 'producttype': 'DELIVERY', 'duration': 'DAY', 'price': 17.21, 'triggerprice': 0.0, 'quantity': '6', 'disclosedquantity': '0', 'squareoff': 0.0, 'stoploss': 0.0, 'trailingstoploss': 0.0, 'tradingsymbol': 'YESBANK-EQ', 'transactiontype': 'BUY', 'exchange': 'NSE', 'symboltoken': '11915', 'ordertag': '', 'instrumenttype': '', 'strikeprice': -1.0, 'optiontype': '', 'expirydate': '', 'lotsize': '1', 'cancelsize': '0', 'averageprice': 17.13, 'filledshares': '6', 'unfilledshares': '0', 'orderid': '250326000499902', 'text': '', 'status': 'complete', 'orderstatus': 'complete', 'updatetime': '26-Mar-2025 11:30:29', 'exchtime': '26-Mar-2025 11:30:29', 'exchorderupdatetime': '26-Mar-2025 11:30:29', 'fillid': '', 'filltime': '', 'parentorderid': '', 'uniqueorderid': 'ad2560e1-2ae5-4f58-b6b8-1c9c400a6f4e', 'exchangeorderid': '1300000031782611'}, {'variety': 'NORMAL', 'ordertype': 'MARKET', 'producttype': 'DELIVERY', 'duration': 'DAY', 'price': 17.17, 'triggerprice': 0.0, 'quantity': '13', 'disclosedquantity': '0', 'squareoff': 0.0, 'stoploss': 0.0, 'trailingstoploss': 0.0, 'tradingsymbol': 'YESBANK-EQ', 'transactiontype': 'BUY', 'exchange': 'NSE', 'symboltoken': '11915', 'ordertag': '', 'instrumenttype': '', 'strikeprice': -1.0, 'optiontype': '', 'expirydate': '', 'lotsize': '1', 'cancelsize': '0', 'averageprice': 0.0, 'filledshares': '0', 'unfilledshares': '13', 'orderid': '250326000536674', 'text': 'Your order has been rejected due to Insufficient Funds. Available funds - Rs. 214.37 . You require Rs. 275.10 funds to execute this order.', 'status': 'rejected', 'orderstatus': 'rejected', 'updatetime': '26-Mar-2025 11:49:56', 'exchtime': '', 'exchorderupdatetime': '', 'fillid': '', 'filltime': '', 'parentorderid': '', 'uniqueorderid': '048c0512-9082-46d2-b65d-899ecdb1567d', 'exchangeorderid': ''}, {'variety': 'NORMAL', 'ordertype': 'MARKET', 'producttype': 'DELIVERY', 'duration': 'DAY', 'price': 17.15, 'triggerprice': 0.0, 'quantity': '20', 'disclosedquantity': '0', 'squareoff': 0.0, 'stoploss': 0.0, 'trailingstoploss': 0.0, 'tradingsymbol': 'YESBANK-EQ', 'transactiontype': 'BUY', 'exchange': 'NSE', 'symboltoken': '11915', 'ordertag': '', 'instrumenttype': '', 'strikeprice': -1.0, 'optiontype': '', 'expirydate': '', 'lotsize': '1', 'cancelsize': '0', 'averageprice': 0.0, 'filledshares': '0', 'unfilledshares': '20', 'orderid': '250326000615663', 'text': 'Your order has been rejected due to Insufficient Funds. Available funds - Rs. 214.37 . You require Rs. 395.04 funds to execute this order.', 'status': 'rejected', 'orderstatus': 'rejected', 'updatetime': '26-Mar-2025 12:21:34', 'exchtime': '', 'exchorderupdatetime': '', 'fillid': '', 'filltime': '', 'parentorderid': '', 'uniqueorderid': '29ded604-0949-493f-957c-c4656a583b46', 'exchangeorderid': ''}, {'variety': 'NORMAL', 'ordertype': 'MARKET', 'producttype': 'DELIVERY', 'duration': 'DAY', 'price': 17.15, 'triggerprice': 0.0, 'quantity': '20', 'disclosedquantity': '0', 'squareoff': 0.0, 'stoploss': 0.0, 'trailingstoploss': 0.0, 'tradingsymbol': 'YESBANK-EQ', 'transactiontype': 'BUY', 'exchange': 'NSE', 'symboltoken': '11915', 'ordertag': '', 'instrumenttype': '', 'strikeprice': -1.0, 'optiontype': '', 'expirydate': '', 'lotsize': '1', 'cancelsize': '0', 'averageprice': 0.0, 'filledshares': '0', 'unfilledshares': '20', 'orderid': '250326000615732', 'text': 'Your order has been rejected due to Insufficient Funds. Available funds - Rs. 214.37 . You require Rs. 395.04 funds to execute this order.', 'status': 'rejected', 'orderstatus': 'rejected', 'updatetime': '26-Mar-2025 12:21:36', 'exchtime': '', 'exchorderupdatetime': '', 'fillid': '', 'filltime': '', 'parentorderid': '', 'uniqueorderid': '3ae9b86e-5745-46e5-a314-01befc5d86fc', 'exchangeorderid': ''}, {'variety': 'NORMAL', 'ordertype': 'MARKET', 'producttype': 'DELIVERY', 'duration': 'DAY', 'price': 17.14, 'triggerprice': 0.0, 'quantity': '20', 'disclosedquantity': '0', 'squareoff': 0.0, 'stoploss': 0.0, 'trailingstoploss': 0.0, 'tradingsymbol': 'YESBANK-EQ', 'transactiontype': 'BUY', 'exchange': 'NSE', 'symboltoken': '11915', 'ordertag': '', 'instrumenttype': '', 'strikeprice': -1.0, 'optiontype': '', 'expirydate': '', 'lotsize': '1', 'cancelsize': '0', 'averageprice': 0.0, 'filledshares': '0', 'unfilledshares': '20', 'orderid': '250326000615798', 'text': 'Your order has been rejected due to Insufficient Funds. Available funds - Rs. 214.37 . You require Rs. 394.84 funds to execute this order.', 'status': 'rejected', 'orderstatus': 'rejected', 'updatetime': '26-Mar-2025 12:21:38', 'exchtime': '', 'exchorderupdatetime': '', 'fillid': '', 'filltime': '', 'parentorderid': '', 'uniqueorderid': '1452b650-4826-4691-a370-5237ca19086c', 'exchangeorderid': ''}, {'variety': 'NORMAL', 'ordertype': 'MARKET', 'producttype': 'DELIVERY', 'duration': 'DAY', 'price': 17.15, 'triggerprice': 0.0, 'quantity': '20', 'disclosedquantity': '0', 'squareoff': 0.0, 'stoploss': 0.0, 'trailingstoploss': 0.0, 'tradingsymbol': 'YESBANK-EQ', 'transactiontype': 'BUY', 'exchange': 'NSE', 'symboltoken': '11915', 'ordertag': '', 'instrumenttype': '', 'strikeprice': -1.0, 'optiontype': '', 'expirydate': '', 'lotsize': '1', 'cancelsize': '0', 'averageprice': 0.0, 'filledshares': '0', 'unfilledshares': '20', 'orderid': '250326000615850', 'text': 'Your order has been rejected due to Insufficient Funds. Available funds - Rs. 214.37 . You require Rs. 395.04 funds to execute this order.', 'status': 'rejected', 'orderstatus': 'rejected', 'updatetime': '26-Mar-2025 12:21:39', 'exchtime': '', 'exchorderupdatetime': '', 'fillid': '', 'filltime': '', 'parentorderid': '', 'uniqueorderid': '12db689b-311d-40b7-ac98-79b20927a89d', 'exchangeorderid': ''}, {'variety': 'NORMAL', 'ordertype': 'MARKET', 'producttype': 'DELIVERY', 'duration': 'DAY', 'price': 17.15, 'triggerprice': 0.0, 'quantity': '20', 'disclosedquantity': '0', 'squareoff': 0.0, 'stoploss': 0.0, 'trailingstoploss': 0.0, 'tradingsymbol': 'YESBANK-EQ', 'transactiontype': 'BUY', 'exchange': 'NSE', 'symboltoken': '11915', 'ordertag': '', 'instrumenttype': '', 'strikeprice': -1.0, 'optiontype': '', 'expirydate': '', 'lotsize': '1', 'cancelsize': '0', 'averageprice': 0.0, 'filledshares': '0', 'unfilledshares': '20', 'orderid': '250326000615903', 'text': 'Your order has been rejected due to Insufficient Funds. Available funds - Rs. 214.37 . You require Rs. 395.04 funds to execute this order.', 'status': 'rejected', 'orderstatus': 'rejected', 'updatetime': '26-Mar-2025 12:21:41', 'exchtime': '', 'exchorderupdatetime': '', 'fillid': '', 'filltime': '', 'parentorderid': '', 'uniqueorderid': '872c5e7a-7ab4-4215-8b74-78110afc5561', 'exchangeorderid': ''}, {'variety': 'NORMAL', 'ordertype': 'MARKET', 'producttype': 'DELIVERY', 'duration': 'DAY', 'price': 17.13, 'triggerprice': 0.0, 'quantity': '20', 'disclosedquantity': '0', 'squareoff': 0.0, 'stoploss': 0.0, 'trailingstoploss': 0.0, 'tradingsymbol': 'YESBANK-EQ', 'transactiontype': 'BUY', 'exchange': 'NSE', 'symboltoken': '11915', 'ordertag': '', 'instrumenttype': '', 'strikeprice': -1.0, 'optiontype': '', 'expirydate': '', 'lotsize': '1', 'cancelsize': '0', 'averageprice': 0.0, 'filledshares': '0', 'unfilledshares': '20', 'orderid': '250326000628421', 'text': 'Your order has been rejected due to Insufficient Funds. Available funds - Rs. 214.37 . You require Rs. 394.64 funds to execute this order.', 'status': 'rejected', 'orderstatus': 'rejected', 'updatetime': '26-Mar-2025 12:29:40', 'exchtime': '', 'exchorderupdatetime': '', 'fillid': '', 'filltime': '', 'parentorderid': '', 'uniqueorderid': '250dcd77-c8a0-4ce0-9ba2-f478aa088118', 'exchangeorderid': ''}, {'variety': 'NORMAL', 'ordertype': 'MARKET', 'producttype': 'DELIVERY', 'duration': 'DAY', 'price': 17.12, 'triggerprice': 0.0, 'quantity': '20', 'disclosedquantity': '0', 'squareoff': 0.0, 'stoploss': 0.0, 'trailingstoploss': 0.0, 'tradingsymbol': 'YESBANK-EQ', 'transactiontype': 'BUY', 'exchange': 'NSE', 'symboltoken': '11915', 'ordertag': '', 'instrumenttype': '', 'strikeprice': -1.0, 'optiontype': '', 'expirydate': '', 'lotsize': '1', 'cancelsize': '0', 'averageprice': 0.0, 'filledshares': '0', 'unfilledshares': '20', 'orderid': '250326000628478', 'text': 'Your order has been rejected due to Insufficient Funds. Available funds - Rs. 214.37 . You require Rs. 394.44 funds to execute this order.', 'status': 'rejected', 'orderstatus': 'rejected', 'updatetime': '26-Mar-2025 12:29:42', 'exchtime': '', 'exchorderupdatetime': '', 'fillid': '', 'filltime': '', 'parentorderid': '', 'uniqueorderid': '31125991-9548-4f59-b137-9586e3b345c3', 'exchangeorderid': ''}, {'variety': 'NORMAL', 'ordertype': 'MARKET', 'producttype': 'DELIVERY', 'duration': 'DAY', 'price': 17.12, 'triggerprice': 0.0, 'quantity': '20', 'disclosedquantity': '0', 'squareoff': 0.0, 'stoploss': 0.0, 'trailingstoploss': 0.0, 'tradingsymbol': 'YESBANK-EQ', 'transactiontype': 'BUY', 'exchange': 'NSE', 'symboltoken': '11915', 'ordertag': '', 'instrumenttype': '', 'strikeprice': -1.0, 'optiontype': '', 'expirydate': '', 'lotsize': '1', 'cancelsize': '0', 'averageprice': 0.0, 'filledshares': '0', 'unfilledshares': '20', 'orderid': '250326000628508', 'text': 'Your order has been rejected due to Insufficient Funds. Available funds - Rs. 214.37 . You require Rs. 394.44 funds to execute this order.', 'status': 'rejected', 'orderstatus': 'rejected', 'updatetime': '26-Mar-2025 12:29:43', 'exchtime': '', 'exchorderupdatetime': '', 'fillid': '', 'filltime': '', 'parentorderid': '', 'uniqueorderid': '5df5d4aa-43db-4dc0-914e-fe8309cce099', 'exchangeorderid': ''}, {'variety': 'NORMAL', 'ordertype': 'MARKET', 'producttype': 'DELIVERY', 'duration': 'DAY', 'price': 17.13, 'triggerprice': 0.0, 'quantity': '20', 'disclosedquantity': '0', 'squareoff': 0.0, 'stoploss': 0.0, 'trailingstoploss': 0.0, 'tradingsymbol': 'YESBANK-EQ', 'transactiontype': 'BUY', 'exchange': 'NSE', 'symboltoken': '11915', 'ordertag': '', 'instrumenttype': '', 'strikeprice': -1.0, 'optiontype': '', 'expirydate': '', 'lotsize': '1', 'cancelsize': '0', 'averageprice': 0.0, 'filledshares': '0', 'unfilledshares': '20', 'orderid': '250326000638657', 'text': 'Your order has been rejected due to Insufficient Funds. Available funds - Rs. 214.37 . You require Rs. 394.64 funds to execute this order.', 'status': 'rejected', 'orderstatus': 'rejected', 'updatetime': '26-Mar-2025 12:35:23', 'exchtime': '', 'exchorderupdatetime': '', 'fillid': '', 'filltime': '', 'parentorderid': '', 'uniqueorderid': '88efcccb-c8de-4377-a443-ace6c84acc27', 'exchangeorderid': ''}, {'variety': 'NORMAL', 'ordertype': 'MARKET', 'producttype': 'DELIVERY', 'duration': 'DAY', 'price': 17.13, 'triggerprice': 0.0, 'quantity': '20', 'disclosedquantity': '0', 'squareoff': 0.0, 'stoploss': 0.0, 'trailingstoploss': 0.0, 'tradingsymbol': 'YESBANK-EQ', 'transactiontype': 'BUY', 'exchange': 'NSE', 'symboltoken': '11915', 'ordertag': '', 'instrumenttype': '', 'strikeprice': -1.0, 'optiontype': '', 'expirydate': '', 'lotsize': '1', 'cancelsize': '0', 'averageprice': 0.0, 'filledshares': '0', 'unfilledshares': '20', 'orderid': '250326000650572', 'text': 'Your order has been rejected due to Insufficient Funds. Available funds - Rs. 214.37 . You require Rs. 394.64 funds to execute this order.', 'status': 'rejected', 'orderstatus': 'rejected', 'updatetime': '26-Mar-2025 12:42:04', 'exchtime': '', 'exchorderupdatetime': '', 'fillid': '', 'filltime': '', 'parentorderid': '', 'uniqueorderid': '84342722-1284-458d-afa5-a3c0130190e6', 'exchangeorderid': ''}, {'variety': 'NORMAL', 'ordertype': 'MARKET', 'producttype': 'DELIVERY', 'duration': 'DAY', 'price': 17.15, 'triggerprice': 0.0, 'quantity': '20', 'disclosedquantity': '0', 'squareoff': 0.0, 'stoploss': 0.0, 'trailingstoploss': 0.0, 'tradingsymbol': 'YESBANK-EQ', 'transactiontype': 'BUY', 'exchange': 'NSE', 'symboltoken': '11915', 'ordertag': '', 'instrumenttype': '', 'strikeprice': -1.0, 'optiontype': '', 'expirydate': '', 'lotsize': '1', 'cancelsize': '0', 'averageprice': 0.0, 'filledshares': '0', 'unfilledshares': '20', 'orderid': '250326000654024', 'text': 'Your order has been rejected due to Insufficient Funds. Available funds - Rs. 214.37 . You require Rs. 395.04 funds to execute this order.', 'status': 'rejected', 'orderstatus': 'rejected', 'updatetime': '26-Mar-2025 12:44:27', 'exchtime': '', 'exchorderupdatetime': '', 'fillid': '', 'filltime': '', 'parentorderid': '', 'uniqueorderid': 'e36e231e-f341-4808-a469-d14b704dd44a', 'exchangeorderid': ''}, {'variety': 'NORMAL', 'ordertype': 'MARKET', 'producttype': 'DELIVERY', 'duration': 'DAY', 'price': 17.15, 'triggerprice': 0.0, 'quantity': '10', 'disclosedquantity': '0', 'squareoff': 0.0, 'stoploss': 0.0, 'trailingstoploss': 0.0, 'tradingsymbol': 'YESBANK-EQ', 'transactiontype': 'BUY', 'exchange': 'NSE', 'symboltoken': '11915', 'ordertag': '', 'instrumenttype': '', 'strikeprice': -1.0, 'optiontype': '', 'expirydate': '', 'lotsize': '1', 'cancelsize': '0', 'averageprice': 0.0, 'filledshares': '0', 'unfilledshares': '10', 'orderid': '250326000662588', 'text': 'Your order has been rejected due to Insufficient Funds. Available funds - Rs. 214.37 . You require Rs. 223.32 funds to execute this order.', 'status': 'rejected', 'orderstatus': 'rejected', 'updatetime': '26-Mar-2025 12:49:29', 'exchtime': '', 'exchorderupdatetime': '', 'fillid': '', 'filltime': '', 'parentorderid': '', 'uniqueorderid': 'dedfc95b-096c-4713-8876-c60c92454b37', 'exchangeorderid': ''}, {'variety': 'NORMAL', 'ordertype': 'MARKET', 'producttype': 'DELIVERY', 'duration': 'DAY', 'price': 16.98, 'triggerprice': 0.0, 'quantity': '18', 'disclosedquantity': '0', 'squareoff': 0.0, 'stoploss': 0.0, 'trailingstoploss': 0.0, 'tradingsymbol': 'YESBANK-EQ', 'transactiontype': 'SELL', 'exchange': 'NSE', 'symboltoken': '11915', 'ordertag': '', 'instrumenttype': '', 'strikeprice': -1.0, 'optiontype': '', 'expirydate': '', 'lotsize': '1', 'cancelsize': '0', 'averageprice': 17.06, 'filledshares': '18', 'unfilledshares': '0', 'orderid': '250326000675677', 'text': '', 'status': 'complete', 'orderstatus': 'complete', 'updatetime': '26-Mar-2025 12:57:39', 'exchtime': '26-Mar-2025 12:57:39', 'exchorderupdatetime': '26-Mar-2025 12:57:39', 'fillid': '', 'filltime': '', 'parentorderid': '', 'uniqueorderid': 'a695d342-7ea1-4608-a635-f979d14bc4c2', 'exchangeorderid': '1300000043953184'}, {'variety': 'NORMAL', 'ordertype': 'MARKET', 'producttype': 'DELIVERY', 'duration': 'DAY', 'price': 16.98, 'triggerprice': 0.0, 'quantity': '18', 'disclosedquantity': '0', 'squareoff': 0.0, 'stoploss': 0.0, 'trailingstoploss': 0.0, 'tradingsymbol': 'YESBANK-EQ', 'transactiontype': 'SELL', 'exchange': 'NSE', 'symboltoken': '11915', 'ordertag': '', 'instrumenttype': '', 'strikeprice': -1.0, 'optiontype': '', 'expirydate': '', 'lotsize': '1', 'cancelsize': '0', 'averageprice': 0.0, 'filledshares': '0', 'unfilledshares': '18', 'orderid': '250326000675710', 'text': "You don't have enough free and settled stocks to sell. This may be due to unsettled purchases, pledged holdings, or pending sell orders.", 'status': 'rejected', 'orderstatus': 'rejected', 'updatetime': '26-Mar-2025 12:57:41', 'exchtime': '', 'exchorderupdatetime': '', 'fillid': '', 'filltime': '', 'parentorderid': '', 'uniqueorderid': 'd2ec9f65-18bf-45b5-805b-4c9d010c2ae7', 'exchangeorderid': ''}, {'variety': 'NORMAL', 'ordertype': 'MARKET', 'producttype': 'DELIVERY', 'duration': 'DAY', 'price': 16.99, 'triggerprice': 0.0, 'quantity': '18', 'disclosedquantity': '0', 'squareoff': 0.0, 'stoploss': 0.0, 'trailingstoploss': 0.0, 'tradingsymbol': 'YESBANK-EQ', 'transactiontype': 'SELL', 'exchange': 'NSE', 'symboltoken': '11915', 'ordertag': '', 'instrumenttype': '', 'strikeprice': -1.0, 'optiontype': '', 'expirydate': '', 'lotsize': '1', 'cancelsize': '0', 'averageprice': 0.0, 'filledshares': '0', 'unfilledshares': '18', 'orderid': '250326000675750', 'text': "You don't have enough free and settled stocks to sell. This may be due to unsettled purchases, pledged holdings, or pending sell orders.", 'status': 'rejected', 'orderstatus': 'rejected', 'updatetime': '26-Mar-2025 12:57:43', 'exchtime': '', 'exchorderupdatetime': '', 'fillid': '', 'filltime': '', 'parentorderid': '', 'uniqueorderid': 'e66e6e1c-86df-4ede-a1e8-849a4d29352f', 'exchangeorderid': ''}, {'variety': 'NORMAL', 'ordertype': 'MARKET', 'producttype': 'DELIVERY', 'duration': 'DAY', 'price': 16.99, 'triggerprice': 0.0, 'quantity': '18', 'disclosedquantity': '0', 'squareoff': 0.0, 'stoploss': 0.0, 'trailingstoploss': 0.0, 'tradingsymbol': 'YESBANK-EQ', 'transactiontype': 'SELL', 'exchange': 'NSE', 'symboltoken': '11915', 'ordertag': '', 'instrumenttype': '', 'strikeprice': -1.0, 'optiontype': '', 'expirydate': '', 'lotsize': '1', 'cancelsize': '0', 'averageprice': 0.0, 'filledshares': '0', 'unfilledshares': '18', 'orderid': '250326000675771', 'text': "You don't have enough free and settled stocks to sell. This may be due to unsettled purchases, pledged holdings, or pending sell orders.", 'status': 'rejected', 'orderstatus': 'rejected', 'updatetime': '26-Mar-2025 12:57:44', 'exchtime': '', 'exchorderupdatetime': '', 'fillid': '', 'filltime': '', 'parentorderid': '', 'uniqueorderid': '61bad949-29fa-450a-803a-3f39b84df51a', 'exchangeorderid': ''}, {'variety': 'NORMAL', 'ordertype': 'MARKET', 'producttype': 'DELIVERY', 'duration': 'DAY', 'price': 16.98, 'triggerprice': 0.0, 'quantity': '18', 'disclosedquantity': '0', 'squareoff': 0.0, 'stoploss': 0.0, 'trailingstoploss': 0.0, 'tradingsymbol': 'YESBANK-EQ', 'transactiontype': 'SELL', 'exchange': 'NSE', 'symboltoken': '11915', 'ordertag': '', 'instrumenttype': '', 'strikeprice': -1.0, 'optiontype': '', 'expirydate': '', 'lotsize': '1', 'cancelsize': '0', 'averageprice': 0.0, 'filledshares': '0', 'unfilledshares': '18', 'orderid': '250326000678660', 'text': "You don't have enough free and settled stocks to sell. This may be due to unsettled purchases, pledged holdings, or pending sell orders.", 'status': 'rejected', 'orderstatus': 'rejected', 'updatetime': '26-Mar-2025 12:59:19', 'exchtime': '', 'exchorderupdatetime': '', 'fillid': '', 'filltime': '', 'parentorderid': '', 'uniqueorderid': '88556f57-0934-4a33-9076-a97e2274233d', 'exchangeorderid': ''}, {'variety': 'NORMAL', 'ordertype': 'MARKET', 'producttype': 'DELIVERY', 'duration': 'DAY', 'price': 16.98, 'triggerprice': 0.0, 'quantity': '18', 'disclosedquantity': '0', 'squareoff': 0.0, 'stoploss': 0.0, 'trailingstoploss': 0.0, 'tradingsymbol': 'YESBANK-EQ', 'transactiontype': 'SELL', 'exchange': 'NSE', 'symboltoken': '11915', 'ordertag': '', 'instrumenttype': '', 'strikeprice': -1.0, 'optiontype': '', 'expirydate': '', 'lotsize': '1', 'cancelsize': '0', 'averageprice': 0.0, 'filledshares': '0', 'unfilledshares': '18', 'orderid': '250326000678707', 'text': "You don't have enough free and settled stocks to sell. This may be due to unsettled purchases, pledged holdings, or pending sell orders.", 'status': 'rejected', 'orderstatus': 'rejected', 'updatetime': '26-Mar-2025 12:59:21', 'exchtime': '', 'exchorderupdatetime': '', 'fillid': '', 'filltime': '', 'parentorderid': '', 'uniqueorderid': 'b653e050-0d6f-4ebe-96d3-171c43796b09', 'exchangeorderid': ''}, {'variety': 'NORMAL', 'ordertype': 'MARKET', 'producttype': 'DELIVERY', 'duration': 'DAY', 'price': 16.94, 'triggerprice': 0.0, 'quantity': '18', 'disclosedquantity': '0', 'squareoff': 0.0, 'stoploss': 0.0, 'trailingstoploss': 0.0, 'tradingsymbol': 'YESBANK-EQ', 'transactiontype': 'SELL', 'exchange': 'NSE', 'symboltoken': '11915', 'ordertag': '', 'instrumenttype': '', 'strikeprice': -1.0, 'optiontype': '', 'expirydate': '', 'lotsize': '1', 'cancelsize': '0', 'averageprice': 0.0, 'filledshares': '0', 'unfilledshares': '18', 'orderid': '250326000718842', 'text': "You don't have enough free and settled stocks to sell. This may be due to unsettled purchases, pledged holdings, or pending sell orders.", 'status': 'rejected', 'orderstatus': 'rejected', 'updatetime': '26-Mar-2025 13:13:27', 'exchtime': '', 'exchorderupdatetime': '', 'fillid': '', 'filltime': '', 'parentorderid': '', 'uniqueorderid': '8f558336-3520-43e7-aa4d-620e93ff9145', 'exchangeorderid': ''}, {'variety': 'NORMAL', 'ordertype': 'MARKET', 'producttype': 'DELIVERY', 'duration': 'DAY', 'price': 16.95, 'triggerprice': 0.0, 'quantity': '18', 'disclosedquantity': '0', 'squareoff': 0.0, 'stoploss': 0.0, 'trailingstoploss': 0.0, 'tradingsymbol': 'YESBANK-EQ', 'transactiontype': 'SELL', 'exchange': 'NSE', 'symboltoken': '11915', 'ordertag': '', 'instrumenttype': '', 'strikeprice': -1.0, 'optiontype': '', 'expirydate': '', 'lotsize': '1', 'cancelsize': '0', 'averageprice': 0.0, 'filledshares': '0', 'unfilledshares': '18', 'orderid': '250326000718930', 'text': "You don't have enough free and settled stocks to sell. This may be due to unsettled purchases, pledged holdings, or pending sell orders.", 'status': 'rejected', 'orderstatus': 'rejected', 'updatetime': '26-Mar-2025 13:13:29', 'exchtime': '', 'exchorderupdatetime': '', 'fillid': '', 'filltime': '', 'parentorderid': '', 'uniqueorderid': 'f7155e9c-a275-44f1-b9c9-4680d7f7744c', 'exchangeorderid': ''}, {'variety': 'NORMAL', 'ordertype': 'MARKET', 'producttype': 'DELIVERY', 'duration': 'DAY', 'price': 16.95, 'triggerprice': 0.0, 'quantity': '18', 'disclosedquantity': '0', 'squareoff': 0.0, 'stoploss': 0.0, 'trailingstoploss': 0.0, 'tradingsymbol': 'YESBANK-EQ', 'transactiontype': 'SELL', 'exchange': 'NSE', 'symboltoken': '11915', 'ordertag': '', 'instrumenttype': '', 'strikeprice': -1.0, 'optiontype': '', 'expirydate': '', 'lotsize': '1', 'cancelsize': '0', 'averageprice': 0.0, 'filledshares': '0', 'unfilledshares': '18', 'orderid': '250326000718996', 'text': "You don't have enough free and settled stocks to sell. This may be due to unsettled purchases, pledged holdings, or pending sell orders.", 'status': 'rejected', 'orderstatus': 'rejected', 'updatetime': '26-Mar-2025 13:13:31', 'exchtime': '', 'exchorderupdatetime': '', 'fillid': '', 'filltime': '', 'parentorderid': '', 'uniqueorderid': 'aa2beee3-2407-4d5b-a2d8-eef1d6194c3f', 'exchangeorderid': ''}, {'variety': 'NORMAL', 'ordertype': 'MARKET', 'producttype': 'DELIVERY', 'duration': 'DAY', 'price': 16.95, 'triggerprice': 0.0, 'quantity': '18', 'disclosedquantity': '0', 'squareoff': 0.0, 'stoploss': 0.0, 'trailingstoploss': 0.0, 'tradingsymbol': 'YESBANK-EQ', 'transactiontype': 'SELL', 'exchange': 'NSE', 'symboltoken': '11915', 'ordertag': '', 'instrumenttype': '', 'strikeprice': -1.0, 'optiontype': '', 'expirydate': '', 'lotsize': '1', 'cancelsize': '0', 'averageprice': 0.0, 'filledshares': '0', 'unfilledshares': '18', 'orderid': '250326000719109', 'text': "You don't have enough free and settled stocks to sell. This may be due to unsettled purchases, pledged holdings, or pending sell orders.", 'status': 'rejected', 'orderstatus': 'rejected', 'updatetime': '26-Mar-2025 13:13:32', 'exchtime': '', 'exchorderupdatetime': '', 'fillid': '', 'filltime': '', 'parentorderid': '', 'uniqueorderid': '1404ab45-ed12-4ab6-a724-839070792cb1', 'exchangeorderid': ''}, {'variety': 'NORMAL', 'ordertype': 'MARKET', 'producttype': 'DELIVERY', 'duration': 'DAY', 'price': 16.95, 'triggerprice': 0.0, 'quantity': '18', 'disclosedquantity': '0', 'squareoff': 0.0, 'stoploss': 0.0, 'trailingstoploss': 0.0, 'tradingsymbol': 'YESBANK-EQ', 'transactiontype': 'SELL', 'exchange': 'NSE', 'symboltoken': '11915', 'ordertag': '', 'instrumenttype': '', 'strikeprice': -1.0, 'optiontype': '', 'expirydate': '', 'lotsize': '1', 'cancelsize': '0', 'averageprice': 0.0, 'filledshares': '0', 'unfilledshares': '18', 'orderid': '250326000719200', 'text': "You don't have enough free and settled stocks to sell. This may be due to unsettled purchases, pledged holdings, or pending sell orders.", 'status': 'rejected', 'orderstatus': 'rejected', 'updatetime': '26-Mar-2025 13:13:34', 'exchtime': '', 'exchorderupdatetime': '', 'fillid': '', 'filltime': '', 'parentorderid': '', 'uniqueorderid': '72051f7f-296a-4218-996e-3f73e4c74a2d', 'exchangeorderid': ''}, {'variety': 'NORMAL', 'ordertype': 'MARKET', 'producttype': 'DELIVERY', 'duration': 'DAY', 'price': 16.95, 'triggerprice': 0.0, 'quantity': '18', 'disclosedquantity': '0', 'squareoff': 0.0, 'stoploss': 0.0, 'trailingstoploss': 0.0, 'tradingsymbol': 'YESBANK-EQ', 'transactiontype': 'SELL', 'exchange': 'NSE', 'symboltoken': '11915', 'ordertag': '', 'instrumenttype': '', 'strikeprice': -1.0, 'optiontype': '', 'expirydate': '', 'lotsize': '1', 'cancelsize': '0', 'averageprice': 0.0, 'filledshares': '0', 'unfilledshares': '18', 'orderid': '250326000719286', 'text': "You don't have enough free and settled stocks to sell. This may be due to unsettled purchases, pledged holdings, or pending sell orders.", 'status': 'rejected', 'orderstatus': 'rejected', 'updatetime': '26-Mar-2025 13:13:36', 'exchtime': '', 'exchorderupdatetime': '', 'fillid': '', 'filltime': '', 'parentorderid': '', 'uniqueorderid': '1e91dc9e-8f1b-4da3-92ad-9fc7c2c57a69', 'exchangeorderid': ''}, {'variety': 'NORMAL', 'ordertype': 'MARKET', 'producttype': 'DELIVERY', 'duration': 'DAY', 'price': 16.94, 'triggerprice': 0.0, 'quantity': '18', 'disclosedquantity': '0', 'squareoff': 0.0, 'stoploss': 0.0, 'trailingstoploss': 0.0, 'tradingsymbol': 'YESBANK-EQ', 'transactiontype': 'SELL', 'exchange': 'NSE', 'symboltoken': '11915', 'ordertag': '', 'instrumenttype': '', 'strikeprice': -1.0, 'optiontype': '', 'expirydate': '', 'lotsize': '1', 'cancelsize': '0', 'averageprice': 0.0, 'filledshares': '0', 'unfilledshares': '18', 'orderid': '250326000719354', 'text': "You don't have enough free and settled stocks to sell. This may be due to unsettled purchases, pledged holdings, or pending sell orders.", 'status': 'rejected', 'orderstatus': 'rejected', 'updatetime': '26-Mar-2025 13:13:37', 'exchtime': '', 'exchorderupdatetime': '', 'fillid': '', 'filltime': '', 'parentorderid': '', 'uniqueorderid': 'bda4408c-0a6a-4bdc-93f6-69b27a7bf2be', 'exchangeorderid': ''}, {'variety': 'NORMAL', 'ordertype': 'MARKET', 'producttype': 'DELIVERY', 'duration': 'DAY', 'price': 16.95, 'triggerprice': 0.0, 'quantity': '18', 'disclosedquantity': '0', 'squareoff': 0.0, 'stoploss': 0.0, 'trailingstoploss': 0.0, 'tradingsymbol': 'YESBANK-EQ', 'transactiontype': 'SELL', 'exchange': 'NSE', 'symboltoken': '11915', 'ordertag': '', 'instrumenttype': '', 'strikeprice': -1.0, 'optiontype': '', 'expirydate': '', 'lotsize': '1', 'cancelsize': '0', 'averageprice': 0.0, 'filledshares': '0', 'unfilledshares': '18', 'orderid': '250326000719432', 'text': "You don't have enough free and settled stocks to sell. This may be due to unsettled purchases, pledged holdings, or pending sell orders.", 'status': 'rejected', 'orderstatus': 'rejected', 'updatetime': '26-Mar-2025 13:13:39', 'exchtime': '', 'exchorderupdatetime': '', 'fillid': '', 'filltime': '', 'parentorderid': '', 'uniqueorderid': 'acea4dec-a036-4eca-8843-6d1ae5270b18', 'exchangeorderid': ''}, {'variety': 'NORMAL', 'ordertype': 'MARKET', 'producttype': 'DELIVERY', 'duration': 'DAY', 'price': 16.95, 'triggerprice': 0.0, 'quantity': '18', 'disclosedquantity': '0', 'squareoff': 0.0, 'stoploss': 0.0, 'trailingstoploss': 0.0, 'tradingsymbol': 'YESBANK-EQ', 'transactiontype': 'SELL', 'exchange': 'NSE', 'symboltoken': '11915', 'ordertag': '', 'instrumenttype': '', 'strikeprice': -1.0, 'optiontype': '', 'expirydate': '', 'lotsize': '1', 'cancelsize': '0', 'averageprice': 0.0, 'filledshares': '0', 'unfilledshares': '18', 'orderid': '250326000719503', 'text': "You don't have enough free and settled stocks to sell. This may be due to unsettled purchases, pledged holdings, or pending sell orders.", 'status': 'rejected', 'orderstatus': 'rejected', 'updatetime': '26-Mar-2025 13:13:41', 'exchtime': '', 'exchorderupdatetime': '', 'fillid': '', 'filltime': '', 'parentorderid': '', 'uniqueorderid': 'b8d862f4-ac32-4dc2-a23c-22dfc8132e53', 'exchangeorderid': ''}, {'variety': 'NORMAL', 'ordertype': 'MARKET', 'producttype': 'DELIVERY', 'duration': 'DAY', 'price': 16.95, 'triggerprice': 0.0, 'quantity': '18', 'disclosedquantity': '0', 'squareoff': 0.0, 'stoploss': 0.0, 'trailingstoploss': 0.0, 'tradingsymbol': 'YESBANK-EQ', 'transactiontype': 'SELL', 'exchange': 'NSE', 'symboltoken': '11915', 'ordertag': '', 'instrumenttype': '', 'strikeprice': -1.0, 'optiontype': '', 'expirydate': '', 'lotsize': '1', 'cancelsize': '0', 'averageprice': 0.0, 'filledshares': '0', 'unfilledshares': '18', 'orderid': '250326000719587', 'text': "You don't have enough free and settled stocks to sell. This may be due to unsettled purchases, pledged holdings, or pending sell orders.", 'status': 'rejected', 'orderstatus': 'rejected', 'updatetime': '26-Mar-2025 13:13:42', 'exchtime': '', 'exchorderupdatetime': '', 'fillid': '', 'filltime': '', 'parentorderid': '', 'uniqueorderid': '49de43d4-e2cf-4ec9-a8cf-c54e487e672f', 'exchangeorderid': ''}, {'variety': 'NORMAL', 'ordertype': 'MARKET', 'producttype': 'DELIVERY', 'duration': 'DAY', 'price': 16.95, 'triggerprice': 0.0, 'quantity': '18', 'disclosedquantity': '0', 'squareoff': 0.0, 'stoploss': 0.0, 'trailingstoploss': 0.0, 'tradingsymbol': 'YESBANK-EQ', 'transactiontype': 'SELL', 'exchange': 'NSE', 'symboltoken': '11915', 'ordertag': '', 'instrumenttype': '', 'strikeprice': -1.0, 'optiontype': '', 'expirydate': '', 'lotsize': '1', 'cancelsize': '0', 'averageprice': 0.0, 'filledshares': '0', 'unfilledshares': '18', 'orderid': '250326000719656', 'text': "You don't have enough free and settled stocks to sell. This may be due to unsettled purchases, pledged holdings, or pending sell orders.", 'status': 'rejected', 'orderstatus': 'rejected', 'updatetime': '26-Mar-2025 13:13:44', 'exchtime': '', 'exchorderupdatetime': '', 'fillid': '', 'filltime': '', 'parentorderid': '', 'uniqueorderid': 'ef6ed73f-0666-4e27-bf04-baadf0eecc0c', 'exchangeorderid': ''}, {'variety': 'NORMAL', 'ordertype': 'MARKET', 'producttype': 'DELIVERY', 'duration': 'DAY', 'price': 16.95, 'triggerprice': 0.0, 'quantity': '18', 'disclosedquantity': '0', 'squareoff': 0.0, 'stoploss': 0.0, 'trailingstoploss': 0.0, 'tradingsymbol': 'YESBANK-EQ', 'transactiontype': 'SELL', 'exchange': 'NSE', 'symboltoken': '11915', 'ordertag': '', 'instrumenttype': '', 'strikeprice': -1.0, 'optiontype': '', 'expirydate': '', 'lotsize': '1', 'cancelsize': '0', 'averageprice': 0.0, 'filledshares': '0', 'unfilledshares': '18', 'orderid': '250326000719738', 'text': "You don't have enough free and settled stocks to sell. This may be due to unsettled purchases, pledged holdings, or pending sell orders.", 'status': 'rejected', 'orderstatus': 'rejected', 'updatetime': '26-Mar-2025 13:13:46', 'exchtime': '', 'exchorderupdatetime': '', 'fillid': '', 'filltime': '', 'parentorderid': '', 'uniqueorderid': 'eca2c645-0881-4065-8627-a55f6496443d', 'exchangeorderid': ''}, {'variety': 'NORMAL', 'ordertype': 'MARKET', 'producttype': 'DELIVERY', 'duration': 'DAY', 'price': 17.11, 'triggerprice': 0.0, 'quantity': '12', 'disclosedquantity': '0', 'squareoff': 0.0, 'stoploss': 0.0, 'trailingstoploss': 0.0, 'tradingsymbol': 'YESBANK-EQ', 'transactiontype': 'BUY', 'exchange': 'NSE', 'symboltoken': '11915', 'ordertag': '', 'instrumenttype': '', 'strikeprice': -1.0, 'optiontype': '', 'expirydate': '', 'lotsize': '1', 'cancelsize': '0', 'averageprice': 0.0, 'filledshares': '0', 'unfilledshares': '12', 'orderid': '250326000724667', 'text': 'Your order has been rejected due to Insufficient Funds. Available funds - Rs. 214.37 . You require Rs. 267.48 funds to execute this order.', 'status': 'rejected', 'orderstatus': 'rejected', 'updatetime': '26-Mar-2025 13:15:59', 'exchtime': '', 'exchorderupdatetime': '', 'fillid': '', 'filltime': '', 'parentorderid': '', 'uniqueorderid': 'a2637d8b-fa15-4be7-8e5d-20c0f0cd77cb', 'exchangeorderid': ''}, {'variety': 'NORMAL', 'ordertype': 'MARKET', 'producttype': 'DELIVERY', 'duration': 'DAY', 'price': 17.06, 'triggerprice': 0.0, 'quantity': '12', 'disclosedquantity': '0', 'squareoff': 0.0, 'stoploss': 0.0, 'trailingstoploss': 0.0, 'tradingsymbol': 'YESBANK-EQ', 'transactiontype': 'BUY', 'exchange': 'NSE', 'symboltoken': '11915', 'ordertag': '', 'instrumenttype': '', 'strikeprice': -1.0, 'optiontype': '', 'expirydate': '', 'lotsize': '1', 'cancelsize': '0', 'averageprice': 0.0, 'filledshares': '0', 'unfilledshares': '12', 'orderid': '250326000738246', 'text': 'Your order has been rejected due to Insufficient Funds. Available funds - Rs. 214.37 . You require Rs. 266.88 funds to execute this order.', 'status': 'rejected', 'orderstatus': 'rejected', 'updatetime': '26-Mar-2025 13:19:49', 'exchtime': '', 'exchorderupdatetime': '', 'fillid': '', 'filltime': '', 'parentorderid': '', 'uniqueorderid': 'b88b112a-df1d-4f50-9d94-b38c5da533f4', 'exchangeorderid': ''}, {'variety': 'NORMAL', 'ordertype': 'MARKET', 'producttype': 'DELIVERY', 'duration': 'DAY', 'price': 17.11, 'triggerprice': 0.0, 'quantity': '12', 'disclosedquantity': '0', 'squareoff': 0.0, 'stoploss': 0.0, 'trailingstoploss': 0.0, 'tradingsymbol': 'YESBANK-EQ', 'transactiontype': 'BUY', 'exchange': 'NSE', 'symboltoken': '11915', 'ordertag': '', 'instrumenttype': '', 'strikeprice': -1.0, 'optiontype': '', 'expirydate': '', 'lotsize': '1', 'cancelsize': '0', 'averageprice': 0.0, 'filledshares': '0', 'unfilledshares': '12', 'orderid': '250326000762485', 'text': 'Your order has been rejected due to Insufficient Funds. Available funds - Rs. 214.37 . You require Rs. 267.48 funds to execute this order.', 'status': 'rejected', 'orderstatus': 'rejected', 'updatetime': '26-Mar-2025 13:29:51', 'exchtime': '', 'exchorderupdatetime': '', 'fillid': '', 'filltime': '', 'parentorderid': '', 'uniqueorderid': 'd0183cee-59b0-494d-b350-aeab68297c30', 'exchangeorderid': ''}, {'variety': 'NORMAL', 'ordertype': 'MARKET', 'producttype': 'DELIVERY', 'duration': 'DAY', 'price': 17.12, 'triggerprice': 0.0, 'quantity': '12', 'disclosedquantity': '0', 'squareoff': 0.0, 'stoploss': 0.0, 'trailingstoploss': 0.0, 'tradingsymbol': 'YESBANK-EQ', 'transactiontype': 'BUY', 'exchange': 'NSE', 'symboltoken': '11915', 'ordertag': '', 'instrumenttype': '', 'strikeprice': -1.0, 'optiontype': '', 'expirydate': '', 'lotsize': '1', 'cancelsize': '0', 'averageprice': 0.0, 'filledshares': '0', 'unfilledshares': '12', 'orderid': '250326000770405', 'text': 'Your order has been rejected due to Insufficient Funds. Available funds - Rs. 214.37 . You require Rs. 267.60 funds to execute this order.', 'status': 'rejected', 'orderstatus': 'rejected', 'updatetime': '26-Mar-2025 13:34:02', 'exchtime': '', 'exchorderupdatetime': '', 'fillid': '', 'filltime': '', 'parentorderid': '', 'uniqueorderid': 'f8e096e6-faaf-4eb7-9a30-11ead73b5822', 'exchangeorderid': ''}, {'variety': 'NORMAL', 'ordertype': 'MARKET', 'producttype': 'DELIVERY', 'duration': 'DAY', 'price': 17.12, 'triggerprice': 0.0, 'quantity': '12', 'disclosedquantity': '0', 'squareoff': 0.0, 'stoploss': 0.0, 'trailingstoploss': 0.0, 'tradingsymbol': 'YESBANK-EQ', 'transactiontype': 'BUY', 'exchange': 'NSE', 'symboltoken': '11915', 'ordertag': '', 'instrumenttype': '', 'strikeprice': -1.0, 'optiontype': '', 'expirydate': '', 'lotsize': '1', 'cancelsize': '0', 'averageprice': 0.0, 'filledshares': '0', 'unfilledshares': '12', 'orderid': '250326000770487', 'text': 'Your order has been rejected due to Insufficient Funds. Available funds - Rs. 214.37 . You require Rs. 267.60 funds to execute this order.', 'status': 'rejected', 'orderstatus': 'rejected', 'updatetime': '26-Mar-2025 13:34:03', 'exchtime': '', 'exchorderupdatetime': '', 'fillid': '', 'filltime': '', 'parentorderid': '', 'uniqueorderid': 'cbc72903-4ada-4fcc-9f45-46e323c4343c', 'exchangeorderid': ''}, {'variety': 'NORMAL', 'ordertype': 'MARKET', 'producttype': 'DELIVERY', 'duration': 'DAY', 'price': 17.12, 'triggerprice': 0.0, 'quantity': '12', 'disclosedquantity': '0', 'squareoff': 0.0, 'stoploss': 0.0, 'trailingstoploss': 0.0, 'tradingsymbol': 'YESBANK-EQ', 'transactiontype': 'BUY', 'exchange': 'NSE', 'symboltoken': '11915', 'ordertag': '', 'instrumenttype': '', 'strikeprice': -1.0, 'optiontype': '', 'expirydate': '', 'lotsize': '1', 'cancelsize': '0', 'averageprice': 0.0, 'filledshares': '0', 'unfilledshares': '12', 'orderid': '250326000770558', 'text': 'Your order has been rejected due to Insufficient Funds. Available funds - Rs. 214.37 . You require Rs. 267.60 funds to execute this order.', 'status': 'rejected', 'orderstatus': 'rejected', 'updatetime': '26-Mar-2025 13:34:05', 'exchtime': '', 'exchorderupdatetime': '', 'fillid': '', 'filltime': '', 'parentorderid': '', 'uniqueorderid': '3de0a3a9-64ee-463c-97fc-9ca351697923', 'exchangeorderid': ''}, {'variety': 'NORMAL', 'ordertype': 'MARKET', 'producttype': 'DELIVERY', 'duration': 'DAY', 'price': 17.09, 'triggerprice': 0.0, 'quantity': '12', 'disclosedquantity': '0', 'squareoff': 0.0, 'stoploss': 0.0, 'trailingstoploss': 0.0, 'tradingsymbol': 'YESBANK-EQ', 'transactiontype': 'BUY', 'exchange': 'NSE', 'symboltoken': '11915', 'ordertag': '', 'instrumenttype': '', 'strikeprice': -1.0, 'optiontype': '', 'expirydate': '', 'lotsize': '1', 'cancelsize': '0', 'averageprice': 0.0, 'filledshares': '0', 'unfilledshares': '12', 'orderid': '250326000794271', 'text': 'Your order has been rejected due to Insufficient Funds. Available funds - Rs. 214.37 . You require Rs. 267.24 funds to execute this order.', 'status': 'rejected', 'orderstatus': 'rejected', 'updatetime': '26-Mar-2025 13:43:28', 'exchtime': '', 'exchorderupdatetime': '', 'fillid': '', 'filltime': '', 'parentorderid': '', 'uniqueorderid': '9e7b1201-6314-4d1d-9509-795648dacd1d', 'exchangeorderid': ''}, {'variety': 'NORMAL', 'ordertype': 'MARKET', 'producttype': 'DELIVERY', 'duration': 'DAY', 'price': 17.09, 'triggerprice': 0.0, 'quantity': '12', 'disclosedquantity': '0', 'squareoff': 0.0, 'stoploss': 0.0, 'trailingstoploss': 0.0, 'tradingsymbol': 'YESBANK-EQ', 'transactiontype': 'BUY', 'exchange': 'NSE', 'symboltoken': '11915', 'ordertag': '', 'instrumenttype': '', 'strikeprice': -1.0, 'optiontype': '', 'expirydate': '', 'lotsize': '1', 'cancelsize': '0', 'averageprice': 0.0, 'filledshares': '0', 'unfilledshares': '12', 'orderid': '250326000794335', 'text': 'Your order has been rejected due to Insufficient Funds. Available funds - Rs. 214.37 . You require Rs. 267.24 funds to execute this order.', 'status': 'rejected', 'orderstatus': 'rejected', 'updatetime': '26-Mar-2025 13:43:30', 'exchtime': '', 'exchorderupdatetime': '', 'fillid': '', 'filltime': '', 'parentorderid': '', 'uniqueorderid': 'efb45922-960a-42ad-aa19-421f2c757582', 'exchangeorderid': ''}, {'variety': 'NORMAL', 'ordertype': 'MARKET', 'producttype': 'DELIVERY', 'duration': 'DAY', 'price': 17.1, 'triggerprice': 0.0, 'quantity': '12', 'disclosedquantity': '0', 'squareoff': 0.0, 'stoploss': 0.0, 'trailingstoploss': 0.0, 'tradingsymbol': 'YESBANK-EQ', 'transactiontype': 'BUY', 'exchange': 'NSE', 'symboltoken': '11915', 'ordertag': '', 'instrumenttype': '', 'strikeprice': -1.0, 'optiontype': '', 'expirydate': '', 'lotsize': '1', 'cancelsize': '0', 'averageprice': 0.0, 'filledshares': '0', 'unfilledshares': '12', 'orderid': '250326000795759', 'text': 'Your order has been rejected due to Insufficient Funds. Available funds - Rs. 214.37 . You require Rs. 267.36 funds to execute this order.', 'status': 'rejected', 'orderstatus': 'rejected', 'updatetime': '26-Mar-2025 13:44:02', 'exchtime': '', 'exchorderupdatetime': '', 'fillid': '', 'filltime': '', 'parentorderid': '', 'uniqueorderid': '3dee3dda-a117-4fbf-8597-91f81d73cef9', 'exchangeorderid': ''}, {'variety': 'NORMAL', 'ordertype': 'MARKET', 'producttype': 'DELIVERY', 'duration': 'DAY', 'price': 17.09, 'triggerprice': 0.0, 'quantity': '12', 'disclosedquantity': '0', 'squareoff': 0.0, 'stoploss': 0.0, 'trailingstoploss': 0.0, 'tradingsymbol': 'YESBANK-EQ', 'transactiontype': 'BUY', 'exchange': 'NSE', 'symboltoken': '11915', 'ordertag': '', 'instrumenttype': '', 'strikeprice': -1.0, 'optiontype': '', 'expirydate': '', 'lotsize': '1', 'cancelsize': '0', 'averageprice': 0.0, 'filledshares': '0', 'unfilledshares': '12', 'orderid': '250326000795863', 'text': 'Your order has been rejected due to Insufficient Funds. Available funds - Rs. 214.37 . You require Rs. 267.24 funds to execute this order.', 'status': 'rejected', 'orderstatus': 'rejected', 'updatetime': '26-Mar-2025 13:44:04', 'exchtime': '', 'exchorderupdatetime': '', 'fillid': '', 'filltime': '', 'parentorderid': '', 'uniqueorderid': '8dd5ccd0-dd61-48d4-9d93-95d757a231fe', 'exchangeorderid': ''}, {'variety': 'NORMAL', 'ordertype': 'MARKET', 'producttype': 'DELIVERY', 'duration': 'DAY', 'price': 17.09, 'triggerprice': 0.0, 'quantity': '12', 'disclosedquantity': '0', 'squareoff': 0.0, 'stoploss': 0.0, 'trailingstoploss': 0.0, 'tradingsymbol': 'YESBANK-EQ', 'transactiontype': 'BUY', 'exchange': 'NSE', 'symboltoken': '11915', 'ordertag': '', 'instrumenttype': '', 'strikeprice': -1.0, 'optiontype': '', 'expirydate': '', 'lotsize': '1', 'cancelsize': '0', 'averageprice': 0.0, 'filledshares': '0', 'unfilledshares': '12', 'orderid': '250326000795941', 'text': 'Your order has been rejected due to Insufficient Funds. Available funds - Rs. 214.37 . You require Rs. 267.24 funds to execute this order.', 'status': 'rejected', 'orderstatus': 'rejected', 'updatetime': '26-Mar-2025 13:44:06', 'exchtime': '', 'exchorderupdatetime': '', 'fillid': '', 'filltime': '', 'parentorderid': '', 'uniqueorderid': 'efcf9b8f-e819-41c2-b2c4-a87de598f591', 'exchangeorderid': ''}, {'variety': 'NORMAL', 'ordertype': 'MARKET', 'producttype': 'DELIVERY', 'duration': 'DAY', 'price': 17.09, 'triggerprice': 0.0, 'quantity': '12', 'disclosedquantity': '0', 'squareoff': 0.0, 'stoploss': 0.0, 'trailingstoploss': 0.0, 'tradingsymbol': 'YESBANK-EQ', 'transactiontype': 'BUY', 'exchange': 'NSE', 'symboltoken': '11915', 'ordertag': '', 'instrumenttype': '', 'strikeprice': -1.0, 'optiontype': '', 'expirydate': '', 'lotsize': '1', 'cancelsize': '0', 'averageprice': 0.0, 'filledshares': '0', 'unfilledshares': '12', 'orderid': '250326000796018', 'text': 'Your order has been rejected due to Insufficient Funds. Available funds - Rs. 214.37 . You require Rs. 267.24 funds to execute this order.', 'status': 'rejected', 'orderstatus': 'rejected', 'updatetime': '26-Mar-2025 13:44:07', 'exchtime': '', 'exchorderupdatetime': '', 'fillid': '', 'filltime': '', 'parentorderid': '', 'uniqueorderid': 'fb19bb1a-f0e7-45c7-836a-18b57c2b3be0', 'exchangeorderid': ''}, {'variety': 'NORMAL', 'ordertype': 'MARKET', 'producttype': 'DELIVERY', 'duration': 'DAY', 'price': 17.09, 'triggerprice': 0.0, 'quantity': '12', 'disclosedquantity': '0', 'squareoff': 0.0, 'stoploss': 0.0, 'trailingstoploss': 0.0, 'tradingsymbol': 'YESBANK-EQ', 'transactiontype': 'BUY', 'exchange': 'NSE', 'symboltoken': '11915', 'ordertag': '', 'instrumenttype': '', 'strikeprice': -1.0, 'optiontype': '', 'expirydate': '', 'lotsize': '1', 'cancelsize': '0', 'averageprice': 0.0, 'filledshares': '0', 'unfilledshares': '12', 'orderid': '250326000796073', 'text': 'Your order has been rejected due to Insufficient Funds. Available funds - Rs. 214.37 . You require Rs. 267.24 funds to execute this order.', 'status': 'rejected', 'orderstatus': 'rejected', 'updatetime': '26-Mar-2025 13:44:09', 'exchtime': '', 'exchorderupdatetime': '', 'fillid': '', 'filltime': '', 'parentorderid': '', 'uniqueorderid': '0ebf64f1-9ca9-4333-aac5-04917ca25bb2', 'exchangeorderid': ''}, {'variety': 'NORMAL', 'ordertype': 'MARKET', 'producttype': 'DELIVERY', 'duration': 'DAY', 'price': 17.09, 'triggerprice': 0.0, 'quantity': '12', 'disclosedquantity': '0', 'squareoff': 0.0, 'stoploss': 0.0, 'trailingstoploss': 0.0, 'tradingsymbol': 'YESBANK-EQ', 'transactiontype': 'BUY', 'exchange': 'NSE', 'symboltoken': '11915', 'ordertag': '', 'instrumenttype': '', 'strikeprice': -1.0, 'optiontype': '', 'expirydate': '', 'lotsize': '1', 'cancelsize': '0', 'averageprice': 0.0, 'filledshares': '0', 'unfilledshares': '12', 'orderid': '250326000796155', 'text': 'Your order has been rejected due to Insufficient Funds. Available funds - Rs. 214.37 . You require Rs. 267.24 funds to execute this order.', 'status': 'rejected', 'orderstatus': 'rejected', 'updatetime': '26-Mar-2025 13:44:11', 'exchtime': '', 'exchorderupdatetime': '', 'fillid': '', 'filltime': '', 'parentorderid': '', 'uniqueorderid': 'd2083ba1-3a11-4298-a870-4d3fc00544f9', 'exchangeorderid': ''}, {'variety': 'NORMAL', 'ordertype': 'MARKET', 'producttype': 'DELIVERY', 'duration': 'DAY', 'price': 17.09, 'triggerprice': 0.0, 'quantity': '12', 'disclosedquantity': '0', 'squareoff': 0.0, 'stoploss': 0.0, 'trailingstoploss': 0.0, 'tradingsymbol': 'YESBANK-EQ', 'transactiontype': 'BUY', 'exchange': 'NSE', 'symboltoken': '11915', 'ordertag': '', 'instrumenttype': '', 'strikeprice': -1.0, 'optiontype': '', 'expirydate': '', 'lotsize': '1', 'cancelsize': '0', 'averageprice': 0.0, 'filledshares': '0', 'unfilledshares': '12', 'orderid': '250326000803134', 'text': 'Your order has been rejected due to Insufficient Funds. Available funds - Rs. 214.37 . You require Rs. 267.24 funds to execute this order.', 'status': 'rejected', 'orderstatus': 'rejected', 'updatetime': '26-Mar-2025 13:46:20', 'exchtime': '', 'exchorderupdatetime': '', 'fillid': '', 'filltime': '', 'parentorderid': '', 'uniqueorderid': '430fb325-af2c-404b-bcf2-a68dfa926a2b', 'exchangeorderid': ''}, {'variety': 'NORMAL', 'ordertype': 'MARKET', 'producttype': 'DELIVERY', 'duration': 'DAY', 'price': 17.09, 'triggerprice': 0.0, 'quantity': '12', 'disclosedquantity': '0', 'squareoff': 0.0, 'stoploss': 0.0, 'trailingstoploss': 0.0, 'tradingsymbol': 'YESBANK-EQ', 'transactiontype': 'BUY', 'exchange': 'NSE', 'symboltoken': '11915', 'ordertag': '', 'instrumenttype': '', 'strikeprice': -1.0, 'optiontype': '', 'expirydate': '', 'lotsize': '1', 'cancelsize': '0', 'averageprice': 0.0, 'filledshares': '0', 'unfilledshares': '12', 'orderid': '250326000803227', 'text': 'Your order has been rejected due to Insufficient Funds. Available funds - Rs. 214.37 . You require Rs. 267.24 funds to execute this order.', 'status': 'rejected', 'orderstatus': 'rejected', 'updatetime': '26-Mar-2025 13:46:21', 'exchtime': '', 'exchorderupdatetime': '', 'fillid': '', 'filltime': '', 'parentorderid': '', 'uniqueorderid': 'f0d7049c-ab8c-42ce-94f5-0886aee09c82', 'exchangeorderid': ''}, {'variety': 'NORMAL', 'ordertype': 'MARKET', 'producttype': 'DELIVERY', 'duration': 'DAY', 'price': 17.08, 'triggerprice': 0.0, 'quantity': '12', 'disclosedquantity': '0', 'squareoff': 0.0, 'stoploss': 0.0, 'trailingstoploss': 0.0, 'tradingsymbol': 'YESBANK-EQ', 'transactiontype': 'BUY', 'exchange': 'NSE', 'symboltoken': '11915', 'ordertag': '', 'instrumenttype': '', 'strikeprice': -1.0, 'optiontype': '', 'expirydate': '', 'lotsize': '1', 'cancelsize': '0', 'averageprice': 0.0, 'filledshares': '0', 'unfilledshares': '12', 'orderid': '250326000803298', 'text': 'Your order has been rejected due to Insufficient Funds. Available funds - Rs. 214.37 . You require Rs. 267.12 funds to execute this order.', 'status': 'rejected', 'orderstatus': 'rejected', 'updatetime': '26-Mar-2025 13:46:23', 'exchtime': '', 'exchorderupdatetime': '', 'fillid': '', 'filltime': '', 'parentorderid': '', 'uniqueorderid': '8a581562-6c03-4086-8da0-116da8f20d1f', 'exchangeorderid': ''}, {'variety': 'NORMAL', 'ordertype': 'MARKET', 'producttype': 'DELIVERY', 'duration': 'DAY', 'price': 17.08, 'triggerprice': 0.0, 'quantity': '12', 'disclosedquantity': '0', 'squareoff': 0.0, 'stoploss': 0.0, 'trailingstoploss': 0.0, 'tradingsymbol': 'YESBANK-EQ', 'transactiontype': 'BUY', 'exchange': 'NSE', 'symboltoken': '11915', 'ordertag': '', 'instrumenttype': '', 'strikeprice': -1.0, 'optiontype': '', 'expirydate': '', 'lotsize': '1', 'cancelsize': '0', 'averageprice': 0.0, 'filledshares': '0', 'unfilledshares': '12', 'orderid': '250326000803359', 'text': 'Your order has been rejected due to Insufficient Funds. Available funds - Rs. 214.37 . You require Rs. 267.12 funds to execute this order.', 'status': 'rejected', 'orderstatus': 'rejected', 'updatetime': '26-Mar-2025 13:46:25', 'exchtime': '', 'exchorderupdatetime': '', 'fillid': '', 'filltime': '', 'parentorderid': '', 'uniqueorderid': 'c505bbb8-e0a9-45a4-afd2-e40e0d1d98b3', 'exchangeorderid': ''}, {'variety': 'NORMAL', 'ordertype': 'MARKET', 'producttype': 'DELIVERY', 'duration': 'DAY', 'price': 17.07, 'triggerprice': 0.0, 'quantity': '12', 'disclosedquantity': '0', 'squareoff': 0.0, 'stoploss': 0.0, 'trailingstoploss': 0.0, 'tradingsymbol': 'YESBANK-EQ', 'transactiontype': 'BUY', 'exchange': 'NSE', 'symboltoken': '11915', 'ordertag': '', 'instrumenttype': '', 'strikeprice': -1.0, 'optiontype': '', 'expirydate': '', 'lotsize': '1', 'cancelsize': '0', 'averageprice': 0.0, 'filledshares': '0', 'unfilledshares': '12', 'orderid': '250326000803438', 'text': 'Your order has been rejected due to Insufficient Funds. Available funds - Rs. 214.37 . You require Rs. 267.00 funds to execute this order.', 'status': 'rejected', 'orderstatus': 'rejected', 'updatetime': '26-Mar-2025 13:46:26', 'exchtime': '', 'exchorderupdatetime': '', 'fillid': '', 'filltime': '', 'parentorderid': '', 'uniqueorderid': 'f9efbdaf-dd1e-414a-96ed-0e47a26b2be0', 'exchangeorderid': ''}, {'variety': 'NORMAL', 'ordertype': 'MARKET', 'producttype': 'DELIVERY', 'duration': 'DAY', 'price': 17.07, 'triggerprice': 0.0, 'quantity': '12', 'disclosedquantity': '0', 'squareoff': 0.0, 'stoploss': 0.0, 'trailingstoploss': 0.0, 'tradingsymbol': 'YESBANK-EQ', 'transactiontype': 'BUY', 'exchange': 'NSE', 'symboltoken': '11915', 'ordertag': '', 'instrumenttype': '', 'strikeprice': -1.0, 'optiontype': '', 'expirydate': '', 'lotsize': '1', 'cancelsize': '0', 'averageprice': 0.0, 'filledshares': '0', 'unfilledshares': '12', 'orderid': '250326000803490', 'text': 'Your order has been rejected due to Insufficient Funds. Available funds - Rs. 214.37 . You require Rs. 267.00 funds to execute this order.', 'status': 'rejected', 'orderstatus': 'rejected', 'updatetime': '26-Mar-2025 13:46:28', 'exchtime': '', 'exchorderupdatetime': '', 'fillid': '', 'filltime': '', 'parentorderid': '', 'uniqueorderid': '480e7f83-e1c6-40fe-bce4-57975ba5e4da', 'exchangeorderid': ''}, {'variety': 'NORMAL', 'ordertype': 'MARKET', 'producttype': 'DELIVERY', 'duration': 'DAY', 'price': 17.09, 'triggerprice': 0.0, 'quantity': '12', 'disclosedquantity': '0', 'squareoff': 0.0, 'stoploss': 0.0, 'trailingstoploss': 0.0, 'tradingsymbol': 'YESBANK-EQ', 'transactiontype': 'BUY', 'exchange': 'NSE', 'symboltoken': '11915', 'ordertag': '', 'instrumenttype': '', 'strikeprice': -1.0, 'optiontype': '', 'expirydate': '', 'lotsize': '1', 'cancelsize': '0', 'averageprice': 0.0, 'filledshares': '0', 'unfilledshares': '12', 'orderid': '250326000803550', 'text': 'Your order has been rejected due to Insufficient Funds. Available funds - Rs. 214.37 . You require Rs. 267.24 funds to execute this order.', 'status': 'rejected', 'orderstatus': 'rejected', 'updatetime': '26-Mar-2025 13:46:29', 'exchtime': '', 'exchorderupdatetime': '', 'fillid': '', 'filltime': '', 'parentorderid': '', 'uniqueorderid': '15dbfbb9-ee00-4565-8f8b-d395b1c712d0', 'exchangeorderid': ''}, {'variety': 'NORMAL', 'ordertype': 'MARKET', 'producttype': 'DELIVERY', 'duration': 'DAY', 'price': 17.09, 'triggerprice': 0.0, 'quantity': '12', 'disclosedquantity': '0', 'squareoff': 0.0, 'stoploss': 0.0, 'trailingstoploss': 0.0, 'tradingsymbol': 'YESBANK-EQ', 'transactiontype': 'BUY', 'exchange': 'NSE', 'symboltoken': '11915', 'ordertag': '', 'instrumenttype': '', 'strikeprice': -1.0, 'optiontype': '', 'expirydate': '', 'lotsize': '1', 'cancelsize': '0', 'averageprice': 0.0, 'filledshares': '0', 'unfilledshares': '12', 'orderid': '250326000808613', 'text': 'Your order has been rejected due to Insufficient Funds. Available funds - Rs. 214.37 . You require Rs. 267.24 funds to execute this order.', 'status': 'rejected', 'orderstatus': 'rejected', 'updatetime': '26-Mar-2025 13:48:24', 'exchtime': '', 'exchorderupdatetime': '', 'fillid': '', 'filltime': '', 'parentorderid': '', 'uniqueorderid': '8f87db46-a6b6-4c8b-9d77-f7c9cdf1e8d2', 'exchangeorderid': ''}, {'variety': 'NORMAL', 'ordertype': 'MARKET', 'producttype': 'DELIVERY', 'duration': 'DAY', 'price': 17.09, 'triggerprice': 0.0, 'quantity': '12', 'disclosedquantity': '0', 'squareoff': 0.0, 'stoploss': 0.0, 'trailingstoploss': 0.0, 'tradingsymbol': 'YESBANK-EQ', 'transactiontype': 'BUY', 'exchange': 'NSE', 'symboltoken': '11915', 'ordertag': '', 'instrumenttype': '', 'strikeprice': -1.0, 'optiontype': '', 'expirydate': '', 'lotsize': '1', 'cancelsize': '0', 'averageprice': 0.0, 'filledshares': '0', 'unfilledshares': '12', 'orderid': '250326000808792', 'text': 'Your order has been rejected due to Insufficient Funds. Available funds - Rs. 214.37 . You require Rs. 267.24 funds to execute this order.', 'status': 'rejected', 'orderstatus': 'rejected', 'updatetime': '26-Mar-2025 13:48:29', 'exchtime': '', 'exchorderupdatetime': '', 'fillid': '', 'filltime': '', 'parentorderid': '', 'uniqueorderid': 'd506fb8b-c479-4bb0-a1b1-af1a58d47bfb', 'exchangeorderid': ''}, {'variety': 'NORMAL', 'ordertype': 'MARKET', 'producttype': 'DELIVERY', 'duration': 'DAY', 'price': 17.1, 'triggerprice': 0.0, 'quantity': '12', 'disclosedquantity': '0', 'squareoff': 0.0, 'stoploss': 0.0, 'trailingstoploss': 0.0, 'tradingsymbol': 'YESBANK-EQ', 'transactiontype': 'BUY', 'exchange': 'NSE', 'symboltoken': '11915', 'ordertag': '', 'instrumenttype': '', 'strikeprice': -1.0, 'optiontype': '', 'expirydate': '', 'lotsize': '1', 'cancelsize': '0', 'averageprice': 0.0, 'filledshares': '0', 'unfilledshares': '12', 'orderid': '250326000808862', 'text': 'Your order has been rejected due to Insufficient Funds. Available funds - Rs. 214.37 . You require Rs. 267.36 funds to execute this order.', 'status': 'rejected', 'orderstatus': 'rejected', 'updatetime': '26-Mar-2025 13:48:30', 'exchtime': '', 'exchorderupdatetime': '', 'fillid': '', 'filltime': '', 'parentorderid': '', 'uniqueorderid': 'af958990-c273-4d91-8f85-f491e7a88538', 'exchangeorderid': ''}, {'variety': 'NORMAL', 'ordertype': 'MARKET', 'producttype': 'DELIVERY', 'duration': 'DAY', 'price': 17.1, 'triggerprice': 0.0, 'quantity': '12', 'disclosedquantity': '0', 'squareoff': 0.0, 'stoploss': 0.0, 'trailingstoploss': 0.0, 'tradingsymbol': 'YESBANK-EQ', 'transactiontype': 'BUY', 'exchange': 'NSE', 'symboltoken': '11915', 'ordertag': '', 'instrumenttype': '', 'strikeprice': -1.0, 'optiontype': '', 'expirydate': '', 'lotsize': '1', 'cancelsize': '0', 'averageprice': 0.0, 'filledshares': '0', 'unfilledshares': '12', 'orderid': '250326000808924', 'text': 'Your order has been rejected due to Insufficient Funds. Available funds - Rs. 214.37 . You require Rs. 267.36 funds to execute this order.', 'status': 'rejected', 'orderstatus': 'rejected', 'updatetime': '26-Mar-2025 13:48:32', 'exchtime': '', 'exchorderupdatetime': '', 'fillid': '', 'filltime': '', 'parentorderid': '', 'uniqueorderid': '733dfcbf-e06a-4a7a-9058-c637f924fd51', 'exchangeorderid': ''}, {'variety': 'NORMAL', 'ordertype': 'MARKET', 'producttype': 'DELIVERY', 'duration': 'DAY', 'price': 17.1, 'triggerprice': 0.0, 'quantity': '12', 'disclosedquantity': '0', 'squareoff': 0.0, 'stoploss': 0.0, 'trailingstoploss': 0.0, 'tradingsymbol': 'YESBANK-EQ', 'transactiontype': 'BUY', 'exchange': 'NSE', 'symboltoken': '11915', 'ordertag': '', 'instrumenttype': '', 'strikeprice': -1.0, 'optiontype': '', 'expirydate': '', 'lotsize': '1', 'cancelsize': '0', 'averageprice': 0.0, 'filledshares': '0', 'unfilledshares': '12', 'orderid': '250326000808978', 'text': 'Your order has been rejected due to Insufficient Funds. Available funds - Rs. 214.37 . You require Rs. 267.36 funds to execute this order.', 'status': 'rejected', 'orderstatus': 'rejected', 'updatetime': '26-Mar-2025 13:48:33', 'exchtime': '', 'exchorderupdatetime': '', 'fillid': '', 'filltime': '', 'parentorderid': '', 'uniqueorderid': '29a33731-ee8f-49d8-9649-86ae6a9839bc', 'exchangeorderid': ''}, {'variety': 'NORMAL', 'ordertype': 'MARKET', 'producttype': 'DELIVERY', 'duration': 'DAY', 'price': 17.1, 'triggerprice': 0.0, 'quantity': '12', 'disclosedquantity': '0', 'squareoff': 0.0, 'stoploss': 0.0, 'trailingstoploss': 0.0, 'tradingsymbol': 'YESBANK-EQ', 'transactiontype': 'BUY', 'exchange': 'NSE', 'symboltoken': '11915', 'ordertag': '', 'instrumenttype': '', 'strikeprice': -1.0, 'optiontype': '', 'expirydate': '', 'lotsize': '1', 'cancelsize': '0', 'averageprice': 0.0, 'filledshares': '0', 'unfilledshares': '12', 'orderid': '250326000809029', 'text': 'Your order has been rejected due to Insufficient Funds. Available funds - Rs. 214.37 . You require Rs. 267.36 funds to execute this order.', 'status': 'rejected', 'orderstatus': 'rejected', 'updatetime': '26-Mar-2025 13:48:35', 'exchtime': '', 'exchorderupdatetime': '', 'fillid': '', 'filltime': '', 'parentorderid': '', 'uniqueorderid': '8797363d-ca24-471e-bc3b-7fa871cf4d6a', 'exchangeorderid': ''}, {'variety': 'NORMAL', 'ordertype': 'MARKET', 'producttype': 'DELIVERY', 'duration': 'DAY', 'price': 17.09, 'triggerprice': 0.0, 'quantity': '12', 'disclosedquantity': '0', 'squareoff': 0.0, 'stoploss': 0.0, 'trailingstoploss': 0.0, 'tradingsymbol': 'YESBANK-EQ', 'transactiontype': 'BUY', 'exchange': 'NSE', 'symboltoken': '11915', 'ordertag': '', 'instrumenttype': '', 'strikeprice': -1.0, 'optiontype': '', 'expirydate': '', 'lotsize': '1', 'cancelsize': '0', 'averageprice': 0.0, 'filledshares': '0', 'unfilledshares': '12', 'orderid': '250326000809093', 'text': 'Your order has been rejected due to Insufficient Funds. Available funds - Rs. 214.37 . You require Rs. 267.24 funds to execute this order.', 'status': 'rejected', 'orderstatus': 'rejected', 'updatetime': '26-Mar-2025 13:48:37', 'exchtime': '', 'exchorderupdatetime': '', 'fillid': '', 'filltime': '', 'parentorderid': '', 'uniqueorderid': '3a9b809a-acca-4ea9-a8e0-67b945bd3819', 'exchangeorderid': ''}, {'variety': 'NORMAL', 'ordertype': 'MARKET', 'producttype': 'DELIVERY', 'duration': 'DAY', 'price': 17.09, 'triggerprice': 0.0, 'quantity': '12', 'disclosedquantity': '0', 'squareoff': 0.0, 'stoploss': 0.0, 'trailingstoploss': 0.0, 'tradingsymbol': 'YESBANK-EQ', 'transactiontype': 'BUY', 'exchange': 'NSE', 'symboltoken': '11915', 'ordertag': '', 'instrumenttype': '', 'strikeprice': -1.0, 'optiontype': '', 'expirydate': '', 'lotsize': '1', 'cancelsize': '0', 'averageprice': 0.0, 'filledshares': '0', 'unfilledshares': '12', 'orderid': '250326000809142', 'text': 'Your order has been rejected due to Insufficient Funds. Available funds - Rs. 214.37 . You require Rs. 267.24 funds to execute this order.', 'status': 'rejected', 'orderstatus': 'rejected', 'updatetime': '26-Mar-2025 13:48:39', 'exchtime': '', 'exchorderupdatetime': '', 'fillid': '', 'filltime': '', 'parentorderid': '', 'uniqueorderid': '08c440e0-89e4-4f41-9de4-cf4dd015d05e', 'exchangeorderid': ''}, {'variety': 'NORMAL', 'ordertype': 'MARKET', 'producttype': 'DELIVERY', 'duration': 'DAY', 'price': 17.16, 'triggerprice': 0.0, 'quantity': '12', 'disclosedquantity': '0', 'squareoff': 0.0, 'stoploss': 0.0, 'trailingstoploss': 0.0, 'tradingsymbol': 'YESBANK-EQ', 'transactiontype': 'BUY', 'exchange': 'NSE', 'symboltoken': '11915', 'ordertag': '', 'instrumenttype': '', 'strikeprice': -1.0, 'optiontype': '', 'expirydate': '', 'lotsize': '1', 'cancelsize': '0', 'averageprice': 0.0, 'filledshares': '0', 'unfilledshares': '12', 'orderid': '250326000845652', 'text': 'Your order has been rejected due to Insufficient Funds. Available funds - Rs. 214.37 . You require Rs. 268.08 funds to execute this order.', 'status': 'rejected', 'orderstatus': 'rejected', 'updatetime': '26-Mar-2025 14:04:41', 'exchtime': '', 'exchorderupdatetime': '', 'fillid': '', 'filltime': '', 'parentorderid': '', 'uniqueorderid': '95ff2fdd-7106-43ae-9380-46b44795ab80', 'exchangeorderid': ''}, {'variety': 'NORMAL', 'ordertype': 'MARKET', 'producttype': 'DELIVERY', 'duration': 'DAY', 'price': 17.16, 'triggerprice': 0.0, 'quantity': '12', 'disclosedquantity': '0', 'squareoff': 0.0, 'stoploss': 0.0, 'trailingstoploss': 0.0, 'tradingsymbol': 'YESBANK-EQ', 'transactiontype': 'BUY', 'exchange': 'NSE', 'symboltoken': '11915', 'ordertag': '', 'instrumenttype': '', 'strikeprice': -1.0, 'optiontype': '', 'expirydate': '', 'lotsize': '1', 'cancelsize': '0', 'averageprice': 0.0, 'filledshares': '0', 'unfilledshares': '12', 'orderid': '250326000845728', 'text': 'Your order has been rejected due to Insufficient Funds. Available funds - Rs. 214.37 . You require Rs. 268.08 funds to execute this order.', 'status': 'rejected', 'orderstatus': 'rejected', 'updatetime': '26-Mar-2025 14:04:42', 'exchtime': '', 'exchorderupdatetime': '', 'fillid': '', 'filltime': '', 'parentorderid': '', 'uniqueorderid': 'e7586462-5b5f-4b9d-abbd-350bdb7f7903', 'exchangeorderid': ''}, {'variety': 'NORMAL', 'ordertype': 'MARKET', 'producttype': 'DELIVERY', 'duration': 'DAY', 'price': 17.16, 'triggerprice': 0.0, 'quantity': '12', 'disclosedquantity': '0', 'squareoff': 0.0, 'stoploss': 0.0, 'trailingstoploss': 0.0, 'tradingsymbol': 'YESBANK-EQ', 'transactiontype': 'BUY', 'exchange': 'NSE', 'symboltoken': '11915', 'ordertag': '', 'instrumenttype': '', 'strikeprice': -1.0, 'optiontype': '', 'expirydate': '', 'lotsize': '1', 'cancelsize': '0', 'averageprice': 0.0, 'filledshares': '0', 'unfilledshares': '12', 'orderid': '250326000845866', 'text': 'Your order has been rejected due to Insufficient Funds. Available funds - Rs. 214.37 . You require Rs. 268.08 funds to execute this order.', 'status': 'rejected', 'orderstatus': 'rejected', 'updatetime': '26-Mar-2025 14:04:46', 'exchtime': '', 'exchorderupdatetime': '', 'fillid': '', 'filltime': '', 'parentorderid': '', 'uniqueorderid': 'a3fd54c8-521b-4a37-b0eb-56d3aad6bee3', 'exchangeorderid': ''}, {'variety': 'NORMAL', 'ordertype': 'MARKET', 'producttype': 'DELIVERY', 'duration': 'DAY', 'price': 17.16, 'triggerprice': 0.0, 'quantity': '12', 'disclosedquantity': '0', 'squareoff': 0.0, 'stoploss': 0.0, 'trailingstoploss': 0.0, 'tradingsymbol': 'YESBANK-EQ', 'transactiontype': 'BUY', 'exchange': 'NSE', 'symboltoken': '11915', 'ordertag': '', 'instrumenttype': '', 'strikeprice': -1.0, 'optiontype': '', 'expirydate': '', 'lotsize': '1', 'cancelsize': '0', 'averageprice': 0.0, 'filledshares': '0', 'unfilledshares': '12', 'orderid': '250326000845937', 'text': 'Your order has been rejected due to Insufficient Funds. Available funds - Rs. 214.37 . You require Rs. 268.08 funds to execute this order.', 'status': 'rejected', 'orderstatus': 'rejected', 'updatetime': '26-Mar-2025 14:04:47', 'exchtime': '', 'exchorderupdatetime': '', 'fillid': '', 'filltime': '', 'parentorderid': '', 'uniqueorderid': 'd5e8a18b-d5e2-45d0-9413-ed9297ba5cba', 'exchangeorderid': ''}, {'variety': 'NORMAL', 'ordertype': 'MARKET', 'producttype': 'DELIVERY', 'duration': 'DAY', 'price': 17.11, 'triggerprice': 0.0, 'quantity': '12', 'disclosedquantity': '0', 'squareoff': 0.0, 'stoploss': 0.0, 'trailingstoploss': 0.0, 'tradingsymbol': 'YESBANK-EQ', 'transactiontype': 'BUY', 'exchange': 'NSE', 'symboltoken': '11915', 'ordertag': '', 'instrumenttype': '', 'strikeprice': -1.0, 'optiontype': '', 'expirydate': '', 'lotsize': '1', 'cancelsize': '0', 'averageprice': 0.0, 'filledshares': '0', 'unfilledshares': '12', 'orderid': '250326000902417', 'text': 'Your order has been rejected due to Insufficient Funds. Available funds - Rs. 214.37 . You require Rs. 267.48 funds to execute this order.', 'status': 'rejected', 'orderstatus': 'rejected', 'updatetime': '26-Mar-2025 14:32:35', 'exchtime': '', 'exchorderupdatetime': '', 'fillid': '', 'filltime': '', 'parentorderid': '', 'uniqueorderid': '644b5dbe-f35c-4274-ada1-4f21b1c133d0', 'exchangeorderid': ''}, {'variety': 'NORMAL', 'ordertype': 'MARKET', 'producttype': 'DELIVERY', 'duration': 'DAY', 'price': 17.11, 'triggerprice': 0.0, 'quantity': '12', 'disclosedquantity': '0', 'squareoff': 0.0, 'stoploss': 0.0, 'trailingstoploss': 0.0, 'tradingsymbol': 'YESBANK-EQ', 'transactiontype': 'BUY', 'exchange': 'NSE', 'symboltoken': '11915', 'ordertag': '', 'instrumenttype': '', 'strikeprice': -1.0, 'optiontype': '', 'expirydate': '', 'lotsize': '1', 'cancelsize': '0', 'averageprice': 0.0, 'filledshares': '0', 'unfilledshares': '12', 'orderid': '250326000903517', 'text': 'Your order has been rejected due to Insufficient Funds. Available funds - Rs. 214.37 . You require Rs. 267.48 funds to execute this order.', 'status': 'rejected', 'orderstatus': 'rejected', 'updatetime': '26-Mar-2025 14:33:14', 'exchtime': '', 'exchorderupdatetime': '', 'fillid': '', 'filltime': '', 'parentorderid': '', 'uniqueorderid': '643d3a67-cf9e-4d51-8d61-5d2ed891c3a1', 'exchangeorderid': ''}, {'variety': 'NORMAL', 'ordertype': 'MARKET', 'producttype': 'DELIVERY', 'duration': 'DAY', 'price': 17.03, 'triggerprice': 0.0, 'quantity': '12', 'disclosedquantity': '0', 'squareoff': 0.0, 'stoploss': 0.0, 'trailingstoploss': 0.0, 'tradingsymbol': 'YESBANK-EQ', 'transactiontype': 'BUY', 'exchange': 'NSE', 'symboltoken': '11915', 'ordertag': '', 'instrumenttype': '', 'strikeprice': -1.0, 'optiontype': '', 'expirydate': '', 'lotsize': '1', 'cancelsize': '0', 'averageprice': 0.0, 'filledshares': '0', 'unfilledshares': '12', 'orderid': '250326001015067', 'text': 'Your order has been rejected due to Insufficient Funds. Available funds - Rs. 214.37 . You require Rs. 266.52 funds to execute this order.', 'status': 'rejected', 'orderstatus': 'rejected', 'updatetime': '26-Mar-2025 15:16:29', 'exchtime': '', 'exchorderupdatetime': '', 'fillid': '', 'filltime': '', 'parentorderid': '', 'uniqueorderid': 'a06b99d9-9c3f-4d70-9e59-2bbf54cce03d', 'exchangeorderid': ''}, {'variety': 'NORMAL', 'ordertype': 'MARKET', 'producttype': 'DELIVERY', 'duration': 'DAY', 'price': 17.03, 'triggerprice': 0.0, 'quantity': '12', 'disclosedquantity': '0', 'squareoff': 0.0, 'stoploss': 0.0, 'trailingstoploss': 0.0, 'tradingsymbol': 'YESBANK-EQ', 'transactiontype': 'BUY', 'exchange': 'NSE', 'symboltoken': '11915', 'ordertag': '', 'instrumenttype': '', 'strikeprice': -1.0, 'optiontype': '', 'expirydate': '', 'lotsize': '1', 'cancelsize': '0', 'averageprice': 0.0, 'filledshares': '0', 'unfilledshares': '12', 'orderid': '250326001015123', 'text': 'Your order has been rejected due to Insufficient Funds. Available funds - Rs. 214.37 . You require Rs. 266.52 funds to execute this order.', 'status': 'rejected', 'orderstatus': 'rejected', 'updatetime': '26-Mar-2025 15:16:30', 'exchtime': '', 'exchorderupdatetime': '', 'fillid': '', 'filltime': '', 'parentorderid': '', 'uniqueorderid': '5e724319-528e-4b25-9233-d09aa73757a0', 'exchangeorderid': ''}]}
[W 250326 15:16:48 smartWebSocketV2:319] Attempting to resubscribe/reconnect (Attempt 1)...
[E 250326 15:16:48 smartWebSocketOrderUpdate:41] Error: [Errno 57] Operation on closed file
[I 250326 15:16:48 smartWebSocketOrderUpdate:44] Connection closed
[I 250326 15:16:48 smartWebSocketOrderUpdate:85] Retrying connection (Attempt 1)...
[I 250326 15:16:48 smartWebSocketOrderUpdate:38] Connection opened
[E 250326 15:16:49 smartWebSocketOrderUpdate:41] Error: [Errno 57] Operation on closed file
[I 250326 15:16:49 smartWebSocketOrderUpdate:44] Connection closed
[I 250326 15:16:49 smartWebSocketOrderUpdate:85] Retrying connection (Attempt 1)...
[I 250326 15:16:50 smartWebSocketOrderUpdate:38] Connection opened
[E 250326 15:16:51 smartWebSocketOrderUpdate:41] Error: [Errno 57] Operation on closed file
[I 250326 15:16:51 smartWebSocketOrderUpdate:44] Connection closed
[I 250326 15:16:51 smartWebSocketOrderUpdate:85] Retrying connection (Attempt 1)...
[I 250326 15:16:51 smartWebSocketOrderUpdate:38] Connection opened
[E 250326 15:16:52 smartWebSocketOrderUpdate:41] Error: [Errno 57] Operation on closed file
[I 250326 15:16:52 smartWebSocketOrderUpdate:44] Connection closed
[I 250326 15:16:52 smartWebSocketOrderUpdate:85] Retrying connection (Attempt 1)...
[I 250326 15:16:52 smartWebSocketOrderUpdate:38] Connection opened
[E 250326 15:16:54 smartWebSocketOrderUpdate:41] Error: [Errno 57] Operation on closed file
[I 250326 15:16:54 smartWebSocketOrderUpdate:44] Connection closed
[I 250326 15:16:54 smartWebSocketOrderUpdate:85] Retrying connection (Attempt 1)...
[I 250326 15:16:54 smartWebSocketOrderUpdate:38] Connection opened
[E 250326 15:16:55 smartWebSocketOrderUpdate:41] Error: [Errno 57] Operation on closed file
[I 250326 15:16:55 smartWebSocketOrderUpdate:44] Connection closed
[I 250326 15:16:55 smartWebSocketOrderUpdate:85] Retrying connection (Attempt 1)...
[I 250326 15:16:55 smartWebSocketOrderUpdate:38] Connection opened
[E 250326 15:16:56 smartWebSocketOrderUpdate:41] Error: [Errno 57] Operation on closed file
[I 250326 15:16:56 smartWebSocketOrderUpdate:44] Connection closed
[I 250326 15:16:56 smartWebSocketOrderUpdate:85] Retrying connection (Attempt 1)...
[I 250326 15:16:57 smartWebSocketOrderUpdate:38] Connection opened
[E 250326 15:16:58 smartWebSocketOrderUpdate:41] Error: [Errno 57] Operation on closed file
[I 250326 15:16:58 smartWebSocketOrderUpdate:44] Connection closed
[I 250326 15:16:58 smartWebSocketOrderUpdate:85] Retrying connection (Attempt 1)...
[I 250326 15:16:58 smartWebSocketOrderUpdate:38] Connection opened
[I 250326 15:16:58 smartWebSocketOrderUpdate:38] Connection opened
[E 250326 15:16:59 smartWebSocketOrderUpdate:41] Error: [Errno 57] Operation on closed file
[I 250326 15:16:59 smartWebSocketOrderUpdate:44] Connection closed
[I 250326 15:16:59 smartWebSocketOrderUpdate:85] Retrying connection (Attempt 1)...
[I 250326 15:16:59 smartWebSocketOrderUpdate:38] Connection opened
[I 250326 15:17:00 smartWebSocketOrderUpdate:38] Connection opened
[E 250326 15:17:00 smartWebSocketOrderUpdate:41] Error: [Errno 57] Operation on closed file
[I 250326 15:17:00 smartWebSocketOrderUpdate:44] Connection closed
[I 250326 15:17:00 smartWebSocketOrderUpdate:85] Retrying connection (Attempt 1)...
[I 250326 15:17:01 smartWebSocketOrderUpdate:38] Connection opened
[I 250326 15:17:01 smartWebSocketOrderUpdate:38] Connection opened
[E 250326 15:17:02 smartWebSocketOrderUpdate:41] Error: [Errno 57] Operation on closed file
[I 250326 15:17:02 smartWebSocketOrderUpdate:44] Connection closed
[I 250326 15:17:02 smartWebSocketOrderUpdate:85] Retrying connection (Attempt 1)...
[I 250326 15:17:02 smartWebSocketOrderUpdate:38] Connection opened
